PID:2678163
<<<<<<<<<< Hello >>>>>>>>>>
Timestamp: [20241208_102737]

<<<<<<<<<< Options >>>>>>>>>>
dataset:[
  train:[
    type: MFQEv2Dataset
    root: /mnt/sda/liukuang/codedata/MFQEv2_dataset
    gt_folder: train_108/raw/
    lq_folder: train_108/HM16.5_LDP/QP22/
    gt_path: mfqev2_train_gt22_7frame_stdr.lmdb
    lq_path: mfqev2_train_qp22_7frame_stdr.lmdb
    meta_info_fp: meta_info.txt
    gt_size: 128
    use_flip: True
    use_rot: True
    random_reverse: False
    enlarge_ratio: 300
    num_worker_per_gpu: 32
    batch_size_per_gpu: 32
    ]
  val:[
    type: VideoTestMFQEv2Dataset
    gt_path: /mnt/sda/liukuang/codedata/MFQEv2_dataset/test_18/raw/
    lq_path: /mnt/sda/liukuang/codedata/MFQEv2_dataset/test_18/HM16.5_LDP/QP22/
    ]
  test:[
    type: VideoTestMFQEv2Dataset
    gt_path: /mnt/sda/liukuang/codedata/MFQEv2_dataset/test_18/raw/
    lq_path: /mnt/sda/liukuang/codedata/MFQEv2_dataset/test_18/HM16.5_LDP/QP22/
    ]
  ]
network:[
  radius: 3
  stdf:[
    in_nc: 1
    out_nc: 64
    nf: 64
    nb: 3
    base_ks: 3
    deform_ks: 3
    ]
  Ada_RDBlock_num: 4
  Ada_RDBlock:[
    in_nc: 32
    growthRate: 32
    num_layer: 4
    reduce_ratio: 4
    a: 1
    b: 0.2
    ]
  ]
train:[
  exp_name: QP22
  random_seed: 7
  pre-val: False
  num_iter: 100000.0
  interval_print: 100.0
  interval_val: 2000.0
  pbar_len: 100
  fine_tune: True
  fine_tune_path: /mnt/sda/liukuang/codedata/STDR/exp/QP37/ckp_300000.pt
  optim:[
    type: Adam
    lr: 0.0001
    betas: [0.9, 0.999]
    eps: 1e-08
    ]
  scheduler:[
    is_on: False
    type: CosineAnnealingRestartLR
    periods: [50000.0, 50000.0, 50000.0, 50000.0, 50000.0, 50000.0]
    restart_weights: [1, 0.5, 0.5, 0.5, 0.5, 0.5]
    eta_min: 1e-07
    ]
  loss:[
    type: CharbonnierLoss
    eps: 1e-06
    ]
  criterion:[
    type: PSNR
    unit: dB
    ]
  rank: 0
  log_path: exp/QP22/log.log
  checkpoint_save_path_pre: exp/QP22/ckp_
  num_gpu: 1
  is_dist: False
  ]
test:[
  restore_iter: 100000
  pbar_len: 100
  criterion:[
    type: PSNR
    unit: dB
    ]
  ]
opt_path: option_mfqev2_1G.yml


<<<<<<<<<< Dataloader >>>>>>>>>>
total iters: [100000]
total epochs: [4]
iter per epoch: [31472]
start from iter: [0]
start from epoch: [0]

<<<<<<<<<< Training >>>>>>>>>>
iter: [100]/100000, epoch: [0]/3, lr: [1.000]x1e-4, loss: [0.0009]
iter: [200]/100000, epoch: [0]/3, lr: [1.000]x1e-4, loss: [0.0008]
iter: [300]/100000, epoch: [0]/3, lr: [1.000]x1e-4, loss: [0.0016]
iter: [400]/100000, epoch: [0]/3, lr: [1.000]x1e-4, loss: [0.0010]
iter: [500]/100000, epoch: [0]/3, lr: [1.000]x1e-4, loss: [0.0008]
iter: [600]/100000, epoch: [0]/3, lr: [1.000]x1e-4, loss: [0.0011]
iter: [700]/100000, epoch: [0]/3, lr: [1.000]x1e-4, loss: [0.0009]
iter: [800]/100000, epoch: [0]/3, lr: [1.000]x1e-4, loss: [0.0010]
iter: [900]/100000, epoch: [0]/3, lr: [1.000]x1e-4, loss: [0.0009]
iter: [1000]/100000, epoch: [0]/3, lr: [1.000]x1e-4, loss: [0.0012]
iter: [1100]/100000, epoch: [0]/3, lr: [1.000]x1e-4, loss: [0.0009]
iter: [1200]/100000, epoch: [0]/3, lr: [1.000]x1e-4, loss: [0.0014]
iter: [1300]/100000, epoch: [0]/3, lr: [1.000]x1e-4, loss: [0.0012]
iter: [1400]/100000, epoch: [0]/3, lr: [1.000]x1e-4, loss: [0.0008]
iter: [1500]/100000, epoch: [0]/3, lr: [1.000]x1e-4, loss: [0.0014]
iter: [1600]/100000, epoch: [0]/3, lr: [1.000]x1e-4, loss: [0.0012]
iter: [1700]/100000, epoch: [0]/3, lr: [1.000]x1e-4, loss: [0.0012]
iter: [1800]/100000, epoch: [0]/3, lr: [1.000]x1e-4, loss: [0.0009]
iter: [1900]/100000, epoch: [0]/3, lr: [1.000]x1e-4, loss: [0.0010]
iter: [2000]/100000, epoch: [0]/3, lr: [1.000]x1e-4, loss: [0.0013]
iter: [2100]/100000, epoch: [0]/3, lr: [1.000]x1e-4, loss: [0.0009]
iter: [2200]/100000, epoch: [0]/3, lr: [1.000]x1e-4, loss: [0.0012]
iter: [2300]/100000, epoch: [0]/3, lr: [1.000]x1e-4, loss: [0.0012]
iter: [2400]/100000, epoch: [0]/3, lr: [1.000]x1e-4, loss: [0.0012]
iter: [2500]/100000, epoch: [0]/3, lr: [1.000]x1e-4, loss: [0.0009]
iter: [2600]/100000, epoch: [0]/3, lr: [1.000]x1e-4, loss: [0.0011]
iter: [2700]/100000, epoch: [0]/3, lr: [1.000]x1e-4, loss: [0.0009]
iter: [2800]/100000, epoch: [0]/3, lr: [1.000]x1e-4, loss: [0.0009]
iter: [2900]/100000, epoch: [0]/3, lr: [1.000]x1e-4, loss: [0.0011]
iter: [3000]/100000, epoch: [0]/3, lr: [1.000]x1e-4, loss: [0.0009]
iter: [3100]/100000, epoch: [0]/3, lr: [1.000]x1e-4, loss: [0.0012]
iter: [3200]/100000, epoch: [0]/3, lr: [1.000]x1e-4, loss: [0.0014]
iter: [3300]/100000, epoch: [0]/3, lr: [1.000]x1e-4, loss: [0.0011]
iter: [3400]/100000, epoch: [0]/3, lr: [1.000]x1e-4, loss: [0.0010]
iter: [3500]/100000, epoch: [0]/3, lr: [1.000]x1e-4, loss: [0.0012]
iter: [3600]/100000, epoch: [0]/3, lr: [1.000]x1e-4, loss: [0.0009]
iter: [3700]/100000, epoch: [0]/3, lr: [1.000]x1e-4, loss: [0.0009]
iter: [3800]/100000, epoch: [0]/3, lr: [1.000]x1e-4, loss: [0.0010]
iter: [3900]/100000, epoch: [0]/3, lr: [1.000]x1e-4, loss: [0.0009]
iter: [4000]/100000, epoch: [0]/3, lr: [1.000]x1e-4, loss: [0.0009]
iter: [4100]/100000, epoch: [0]/3, lr: [1.000]x1e-4, loss: [0.0008]
iter: [4200]/100000, epoch: [0]/3, lr: [1.000]x1e-4, loss: [0.0011]
iter: [4300]/100000, epoch: [0]/3, lr: [1.000]x1e-4, loss: [0.0011]
iter: [4400]/100000, epoch: [0]/3, lr: [1.000]x1e-4, loss: [0.0009]
iter: [4500]/100000, epoch: [0]/3, lr: [1.000]x1e-4, loss: [0.0010]
iter: [4600]/100000, epoch: [0]/3, lr: [1.000]x1e-4, loss: [0.0010]
iter: [4700]/100000, epoch: [0]/3, lr: [1.000]x1e-4, loss: [0.0011]
iter: [4800]/100000, epoch: [0]/3, lr: [1.000]x1e-4, loss: [0.0009]
iter: [4900]/100000, epoch: [0]/3, lr: [1.000]x1e-4, loss: [0.0011]
iter: [5000]/100000, epoch: [0]/3, lr: [1.000]x1e-4, loss: [0.0011]
iter: [5100]/100000, epoch: [0]/3, lr: [1.000]x1e-4, loss: [0.0011]
iter: [5200]/100000, epoch: [0]/3, lr: [1.000]x1e-4, loss: [0.0012]
iter: [5300]/100000, epoch: [0]/3, lr: [1.000]x1e-4, loss: [0.0011]
iter: [5400]/100000, epoch: [0]/3, lr: [1.000]x1e-4, loss: [0.0012]
iter: [5500]/100000, epoch: [0]/3, lr: [1.000]x1e-4, loss: [0.0014]
iter: [5600]/100000, epoch: [0]/3, lr: [1.000]x1e-4, loss: [0.0012]
iter: [5700]/100000, epoch: [0]/3, lr: [1.000]x1e-4, loss: [0.0009]
iter: [5800]/100000, epoch: [0]/3, lr: [1.000]x1e-4, loss: [0.0010]
iter: [5900]/100000, epoch: [0]/3, lr: [1.000]x1e-4, loss: [0.0011]
iter: [6000]/100000, epoch: [0]/3, lr: [1.000]x1e-4, loss: [0.0011]
iter: [6100]/100000, epoch: [0]/3, lr: [1.000]x1e-4, loss: [0.0009]
iter: [6200]/100000, epoch: [0]/3, lr: [1.000]x1e-4, loss: [0.0011]
iter: [6300]/100000, epoch: [0]/3, lr: [1.000]x1e-4, loss: [0.0009]
iter: [6400]/100000, epoch: [0]/3, lr: [1.000]x1e-4, loss: [0.0014]
iter: [6500]/100000, epoch: [0]/3, lr: [1.000]x1e-4, loss: [0.0009]
iter: [6600]/100000, epoch: [0]/3, lr: [1.000]x1e-4, loss: [0.0010]
iter: [6700]/100000, epoch: [0]/3, lr: [1.000]x1e-4, loss: [0.0011]
iter: [6800]/100000, epoch: [0]/3, lr: [1.000]x1e-4, loss: [0.0012]
iter: [6900]/100000, epoch: [0]/3, lr: [1.000]x1e-4, loss: [0.0012]
iter: [7000]/100000, epoch: [0]/3, lr: [1.000]x1e-4, loss: [0.0010]
iter: [7100]/100000, epoch: [0]/3, lr: [1.000]x1e-4, loss: [0.0011]
iter: [7200]/100000, epoch: [0]/3, lr: [1.000]x1e-4, loss: [0.0008]
iter: [7300]/100000, epoch: [0]/3, lr: [1.000]x1e-4, loss: [0.0012]
iter: [7400]/100000, epoch: [0]/3, lr: [1.000]x1e-4, loss: [0.0012]
iter: [7500]/100000, epoch: [0]/3, lr: [1.000]x1e-4, loss: [0.0012]
iter: [7600]/100000, epoch: [0]/3, lr: [1.000]x1e-4, loss: [0.0012]
iter: [7700]/100000, epoch: [0]/3, lr: [1.000]x1e-4, loss: [0.0010]
iter: [7800]/100000, epoch: [0]/3, lr: [1.000]x1e-4, loss: [0.0009]
iter: [7900]/100000, epoch: [0]/3, lr: [1.000]x1e-4, loss: [0.0013]
iter: [8000]/100000, epoch: [0]/3, lr: [1.000]x1e-4, loss: [0.0007]
iter: [8100]/100000, epoch: [0]/3, lr: [1.000]x1e-4, loss: [0.0010]
iter: [8200]/100000, epoch: [0]/3, lr: [1.000]x1e-4, loss: [0.0011]
iter: [8300]/100000, epoch: [0]/3, lr: [1.000]x1e-4, loss: [0.0011]
iter: [8400]/100000, epoch: [0]/3, lr: [1.000]x1e-4, loss: [0.0009]
iter: [8500]/100000, epoch: [0]/3, lr: [1.000]x1e-4, loss: [0.0012]
iter: [8600]/100000, epoch: [0]/3, lr: [1.000]x1e-4, loss: [0.0012]
iter: [8700]/100000, epoch: [0]/3, lr: [1.000]x1e-4, loss: [0.0010]
iter: [8800]/100000, epoch: [0]/3, lr: [1.000]x1e-4, loss: [0.0010]
iter: [8900]/100000, epoch: [0]/3, lr: [1.000]x1e-4, loss: [0.0011]
iter: [9000]/100000, epoch: [0]/3, lr: [1.000]x1e-4, loss: [0.0010]
iter: [9100]/100000, epoch: [0]/3, lr: [1.000]x1e-4, loss: [0.0010]
iter: [9200]/100000, epoch: [0]/3, lr: [1.000]x1e-4, loss: [0.0016]
iter: [9300]/100000, epoch: [0]/3, lr: [1.000]x1e-4, loss: [0.0013]
iter: [9400]/100000, epoch: [0]/3, lr: [1.000]x1e-4, loss: [0.0010]
iter: [9500]/100000, epoch: [0]/3, lr: [1.000]x1e-4, loss: [0.0008]
iter: [9600]/100000, epoch: [0]/3, lr: [1.000]x1e-4, loss: [0.0010]
iter: [9700]/100000, epoch: [0]/3, lr: [1.000]x1e-4, loss: [0.0012]
iter: [9800]/100000, epoch: [0]/3, lr: [1.000]x1e-4, loss: [0.0009]
iter: [9900]/100000, epoch: [0]/3, lr: [1.000]x1e-4, loss: [0.0010]
iter: [10000]/100000, epoch: [0]/3, lr: [1.000]x1e-4, loss: [0.0009]
iter: [10100]/100000, epoch: [0]/3, lr: [1.000]x1e-4, loss: [0.0013]
iter: [10200]/100000, epoch: [0]/3, lr: [1.000]x1e-4, loss: [0.0007]
iter: [10300]/100000, epoch: [0]/3, lr: [1.000]x1e-4, loss: [0.0011]
iter: [10400]/100000, epoch: [0]/3, lr: [1.000]x1e-4, loss: [0.0013]
iter: [10500]/100000, epoch: [0]/3, lr: [1.000]x1e-4, loss: [0.0009]
iter: [10600]/100000, epoch: [0]/3, lr: [1.000]x1e-4, loss: [0.0012]
iter: [10700]/100000, epoch: [0]/3, lr: [1.000]x1e-4, loss: [0.0010]
iter: [10800]/100000, epoch: [0]/3, lr: [1.000]x1e-4, loss: [0.0011]
iter: [10900]/100000, epoch: [0]/3, lr: [1.000]x1e-4, loss: [0.0008]
iter: [11000]/100000, epoch: [0]/3, lr: [1.000]x1e-4, loss: [0.0008]
iter: [11100]/100000, epoch: [0]/3, lr: [1.000]x1e-4, loss: [0.0012]
iter: [11200]/100000, epoch: [0]/3, lr: [1.000]x1e-4, loss: [0.0008]
iter: [11300]/100000, epoch: [0]/3, lr: [1.000]x1e-4, loss: [0.0010]
iter: [11400]/100000, epoch: [0]/3, lr: [1.000]x1e-4, loss: [0.0009]
iter: [11500]/100000, epoch: [0]/3, lr: [1.000]x1e-4, loss: [0.0011]
iter: [11600]/100000, epoch: [0]/3, lr: [1.000]x1e-4, loss: [0.0010]
iter: [11700]/100000, epoch: [0]/3, lr: [1.000]x1e-4, loss: [0.0009]
iter: [11800]/100000, epoch: [0]/3, lr: [1.000]x1e-4, loss: [0.0012]
iter: [11900]/100000, epoch: [0]/3, lr: [1.000]x1e-4, loss: [0.0010]
iter: [12000]/100000, epoch: [0]/3, lr: [1.000]x1e-4, loss: [0.0011]
iter: [12100]/100000, epoch: [0]/3, lr: [1.000]x1e-4, loss: [0.0015]
iter: [12200]/100000, epoch: [0]/3, lr: [1.000]x1e-4, loss: [0.0011]
iter: [12300]/100000, epoch: [0]/3, lr: [1.000]x1e-4, loss: [0.0008]
iter: [12400]/100000, epoch: [0]/3, lr: [1.000]x1e-4, loss: [0.0009]
iter: [12500]/100000, epoch: [0]/3, lr: [1.000]x1e-4, loss: [0.0008]
iter: [12600]/100000, epoch: [0]/3, lr: [1.000]x1e-4, loss: [0.0013]
iter: [12700]/100000, epoch: [0]/3, lr: [1.000]x1e-4, loss: [0.0007]
iter: [12800]/100000, epoch: [0]/3, lr: [1.000]x1e-4, loss: [0.0012]
iter: [12900]/100000, epoch: [0]/3, lr: [1.000]x1e-4, loss: [0.0013]
iter: [13000]/100000, epoch: [0]/3, lr: [1.000]x1e-4, loss: [0.0014]
iter: [13100]/100000, epoch: [0]/3, lr: [1.000]x1e-4, loss: [0.0010]
iter: [13200]/100000, epoch: [0]/3, lr: [1.000]x1e-4, loss: [0.0009]
iter: [13300]/100000, epoch: [0]/3, lr: [1.000]x1e-4, loss: [0.0011]
iter: [13400]/100000, epoch: [0]/3, lr: [1.000]x1e-4, loss: [0.0012]
iter: [13500]/100000, epoch: [0]/3, lr: [1.000]x1e-4, loss: [0.0010]
iter: [13600]/100000, epoch: [0]/3, lr: [1.000]x1e-4, loss: [0.0010]
iter: [13700]/100000, epoch: [0]/3, lr: [1.000]x1e-4, loss: [0.0012]
iter: [13800]/100000, epoch: [0]/3, lr: [1.000]x1e-4, loss: [0.0010]
iter: [13900]/100000, epoch: [0]/3, lr: [1.000]x1e-4, loss: [0.0012]
iter: [14000]/100000, epoch: [0]/3, lr: [1.000]x1e-4, loss: [0.0008]
iter: [14100]/100000, epoch: [0]/3, lr: [1.000]x1e-4, loss: [0.0010]
iter: [14200]/100000, epoch: [0]/3, lr: [1.000]x1e-4, loss: [0.0013]
iter: [14300]/100000, epoch: [0]/3, lr: [1.000]x1e-4, loss: [0.0009]
iter: [14400]/100000, epoch: [0]/3, lr: [1.000]x1e-4, loss: [0.0007]
iter: [14500]/100000, epoch: [0]/3, lr: [1.000]x1e-4, loss: [0.0010]
iter: [14600]/100000, epoch: [0]/3, lr: [1.000]x1e-4, loss: [0.0012]
iter: [14700]/100000, epoch: [0]/3, lr: [1.000]x1e-4, loss: [0.0009]
iter: [14800]/100000, epoch: [0]/3, lr: [1.000]x1e-4, loss: [0.0012]
iter: [14900]/100000, epoch: [0]/3, lr: [1.000]x1e-4, loss: [0.0010]
iter: [15000]/100000, epoch: [0]/3, lr: [1.000]x1e-4, loss: [0.0009]
iter: [15100]/100000, epoch: [0]/3, lr: [1.000]x1e-4, loss: [0.0012]
iter: [15200]/100000, epoch: [0]/3, lr: [1.000]x1e-4, loss: [0.0010]
iter: [15300]/100000, epoch: [0]/3, lr: [1.000]x1e-4, loss: [0.0011]
iter: [15400]/100000, epoch: [0]/3, lr: [1.000]x1e-4, loss: [0.0011]
iter: [15500]/100000, epoch: [0]/3, lr: [1.000]x1e-4, loss: [0.0008]
iter: [15600]/100000, epoch: [0]/3, lr: [1.000]x1e-4, loss: [0.0011]
iter: [15700]/100000, epoch: [0]/3, lr: [1.000]x1e-4, loss: [0.0012]
iter: [15800]/100000, epoch: [0]/3, lr: [1.000]x1e-4, loss: [0.0011]
iter: [15900]/100000, epoch: [0]/3, lr: [1.000]x1e-4, loss: [0.0010]
iter: [16000]/100000, epoch: [0]/3, lr: [1.000]x1e-4, loss: [0.0009]
iter: [16100]/100000, epoch: [0]/3, lr: [1.000]x1e-4, loss: [0.0009]
iter: [16200]/100000, epoch: [0]/3, lr: [1.000]x1e-4, loss: [0.0011]
iter: [16300]/100000, epoch: [0]/3, lr: [1.000]x1e-4, loss: [0.0009]
iter: [16400]/100000, epoch: [0]/3, lr: [1.000]x1e-4, loss: [0.0009]
iter: [16500]/100000, epoch: [0]/3, lr: [1.000]x1e-4, loss: [0.0012]
iter: [16600]/100000, epoch: [0]/3, lr: [1.000]x1e-4, loss: [0.0009]
iter: [16700]/100000, epoch: [0]/3, lr: [1.000]x1e-4, loss: [0.0007]
iter: [16800]/100000, epoch: [0]/3, lr: [1.000]x1e-4, loss: [0.0010]
iter: [16900]/100000, epoch: [0]/3, lr: [1.000]x1e-4, loss: [0.0010]
iter: [17000]/100000, epoch: [0]/3, lr: [1.000]x1e-4, loss: [0.0009]
iter: [17100]/100000, epoch: [0]/3, lr: [1.000]x1e-4, loss: [0.0008]
iter: [17200]/100000, epoch: [0]/3, lr: [1.000]x1e-4, loss: [0.0010]
iter: [17300]/100000, epoch: [0]/3, lr: [1.000]x1e-4, loss: [0.0009]
iter: [17400]/100000, epoch: [0]/3, lr: [1.000]x1e-4, loss: [0.0011]
iter: [17500]/100000, epoch: [0]/3, lr: [1.000]x1e-4, loss: [0.0007]
iter: [17600]/100000, epoch: [0]/3, lr: [1.000]x1e-4, loss: [0.0008]
iter: [17700]/100000, epoch: [0]/3, lr: [1.000]x1e-4, loss: [0.0013]
iter: [17800]/100000, epoch: [0]/3, lr: [1.000]x1e-4, loss: [0.0012]
iter: [17900]/100000, epoch: [0]/3, lr: [1.000]x1e-4, loss: [0.0011]
iter: [18000]/100000, epoch: [0]/3, lr: [1.000]x1e-4, loss: [0.0010]
iter: [18100]/100000, epoch: [0]/3, lr: [1.000]x1e-4, loss: [0.0009]
iter: [18200]/100000, epoch: [0]/3, lr: [1.000]x1e-4, loss: [0.0010]
iter: [18300]/100000, epoch: [0]/3, lr: [1.000]x1e-4, loss: [0.0008]
iter: [18400]/100000, epoch: [0]/3, lr: [1.000]x1e-4, loss: [0.0008]
iter: [18500]/100000, epoch: [0]/3, lr: [1.000]x1e-4, loss: [0.0011]
iter: [18600]/100000, epoch: [0]/3, lr: [1.000]x1e-4, loss: [0.0014]
iter: [18700]/100000, epoch: [0]/3, lr: [1.000]x1e-4, loss: [0.0010]
iter: [18800]/100000, epoch: [0]/3, lr: [1.000]x1e-4, loss: [0.0012]
iter: [18900]/100000, epoch: [0]/3, lr: [1.000]x1e-4, loss: [0.0010]
iter: [19000]/100000, epoch: [0]/3, lr: [1.000]x1e-4, loss: [0.0012]
iter: [19100]/100000, epoch: [0]/3, lr: [1.000]x1e-4, loss: [0.0011]
iter: [19200]/100000, epoch: [0]/3, lr: [1.000]x1e-4, loss: [0.0008]
iter: [19300]/100000, epoch: [0]/3, lr: [1.000]x1e-4, loss: [0.0007]
iter: [19400]/100000, epoch: [0]/3, lr: [1.000]x1e-4, loss: [0.0009]
iter: [19500]/100000, epoch: [0]/3, lr: [1.000]x1e-4, loss: [0.0010]
iter: [19600]/100000, epoch: [0]/3, lr: [1.000]x1e-4, loss: [0.0010]
iter: [19700]/100000, epoch: [0]/3, lr: [1.000]x1e-4, loss: [0.0009]
iter: [19800]/100000, epoch: [0]/3, lr: [1.000]x1e-4, loss: [0.0009]
iter: [19900]/100000, epoch: [0]/3, lr: [1.000]x1e-4, loss: [0.0011]
iter: [20000]/100000, epoch: [0]/3, lr: [1.000]x1e-4, loss: [0.0010]
iter: [20100]/100000, epoch: [0]/3, lr: [1.000]x1e-4, loss: [0.0009]
iter: [20200]/100000, epoch: [0]/3, lr: [1.000]x1e-4, loss: [0.0014]
iter: [20300]/100000, epoch: [0]/3, lr: [1.000]x1e-4, loss: [0.0007]
iter: [20400]/100000, epoch: [0]/3, lr: [1.000]x1e-4, loss: [0.0009]
iter: [20500]/100000, epoch: [0]/3, lr: [1.000]x1e-4, loss: [0.0008]
iter: [20600]/100000, epoch: [0]/3, lr: [1.000]x1e-4, loss: [0.0009]
iter: [20700]/100000, epoch: [0]/3, lr: [1.000]x1e-4, loss: [0.0009]
iter: [20800]/100000, epoch: [0]/3, lr: [1.000]x1e-4, loss: [0.0009]
iter: [20900]/100000, epoch: [0]/3, lr: [1.000]x1e-4, loss: [0.0012]
iter: [21000]/100000, epoch: [0]/3, lr: [1.000]x1e-4, loss: [0.0010]
iter: [21100]/100000, epoch: [0]/3, lr: [1.000]x1e-4, loss: [0.0010]
iter: [21200]/100000, epoch: [0]/3, lr: [1.000]x1e-4, loss: [0.0012]
iter: [21300]/100000, epoch: [0]/3, lr: [1.000]x1e-4, loss: [0.0009]
iter: [21400]/100000, epoch: [0]/3, lr: [1.000]x1e-4, loss: [0.0009]
iter: [21500]/100000, epoch: [0]/3, lr: [1.000]x1e-4, loss: [0.0012]
iter: [21600]/100000, epoch: [0]/3, lr: [1.000]x1e-4, loss: [0.0008]
iter: [21700]/100000, epoch: [0]/3, lr: [1.000]x1e-4, loss: [0.0009]
iter: [21800]/100000, epoch: [0]/3, lr: [1.000]x1e-4, loss: [0.0011]
iter: [21900]/100000, epoch: [0]/3, lr: [1.000]x1e-4, loss: [0.0008]
iter: [22000]/100000, epoch: [0]/3, lr: [1.000]x1e-4, loss: [0.0011]
iter: [22100]/100000, epoch: [0]/3, lr: [1.000]x1e-4, loss: [0.0010]
iter: [22200]/100000, epoch: [0]/3, lr: [1.000]x1e-4, loss: [0.0012]
iter: [22300]/100000, epoch: [0]/3, lr: [1.000]x1e-4, loss: [0.0010]
iter: [22400]/100000, epoch: [0]/3, lr: [1.000]x1e-4, loss: [0.0010]
iter: [22500]/100000, epoch: [0]/3, lr: [1.000]x1e-4, loss: [0.0011]
iter: [22600]/100000, epoch: [0]/3, lr: [1.000]x1e-4, loss: [0.0011]
iter: [22700]/100000, epoch: [0]/3, lr: [1.000]x1e-4, loss: [0.0011]
iter: [22800]/100000, epoch: [0]/3, lr: [1.000]x1e-4, loss: [0.0015]
iter: [22900]/100000, epoch: [0]/3, lr: [1.000]x1e-4, loss: [0.0012]
iter: [23000]/100000, epoch: [0]/3, lr: [1.000]x1e-4, loss: [0.0009]
iter: [23100]/100000, epoch: [0]/3, lr: [1.000]x1e-4, loss: [0.0010]
iter: [23200]/100000, epoch: [0]/3, lr: [1.000]x1e-4, loss: [0.0010]
iter: [23300]/100000, epoch: [0]/3, lr: [1.000]x1e-4, loss: [0.0012]
iter: [23400]/100000, epoch: [0]/3, lr: [1.000]x1e-4, loss: [0.0010]
iter: [23500]/100000, epoch: [0]/3, lr: [1.000]x1e-4, loss: [0.0009]
iter: [23600]/100000, epoch: [0]/3, lr: [1.000]x1e-4, loss: [0.0008]
iter: [23700]/100000, epoch: [0]/3, lr: [1.000]x1e-4, loss: [0.0012]
iter: [23800]/100000, epoch: [0]/3, lr: [1.000]x1e-4, loss: [0.0008]
iter: [23900]/100000, epoch: [0]/3, lr: [1.000]x1e-4, loss: [0.0009]
iter: [24000]/100000, epoch: [0]/3, lr: [1.000]x1e-4, loss: [0.0009]
iter: [24100]/100000, epoch: [0]/3, lr: [1.000]x1e-4, loss: [0.0016]
iter: [24200]/100000, epoch: [0]/3, lr: [1.000]x1e-4, loss: [0.0010]
iter: [24300]/100000, epoch: [0]/3, lr: [1.000]x1e-4, loss: [0.0011]
iter: [24400]/100000, epoch: [0]/3, lr: [1.000]x1e-4, loss: [0.0011]
iter: [24500]/100000, epoch: [0]/3, lr: [1.000]x1e-4, loss: [0.0011]
iter: [24600]/100000, epoch: [0]/3, lr: [1.000]x1e-4, loss: [0.0012]
iter: [24700]/100000, epoch: [0]/3, lr: [1.000]x1e-4, loss: [0.0009]
iter: [24800]/100000, epoch: [0]/3, lr: [1.000]x1e-4, loss: [0.0009]
iter: [24900]/100000, epoch: [0]/3, lr: [1.000]x1e-4, loss: [0.0011]
iter: [25000]/100000, epoch: [0]/3, lr: [1.000]x1e-4, loss: [0.0011]
iter: [25100]/100000, epoch: [0]/3, lr: [1.000]x1e-4, loss: [0.0009]
iter: [25200]/100000, epoch: [0]/3, lr: [1.000]x1e-4, loss: [0.0011]
iter: [25300]/100000, epoch: [0]/3, lr: [1.000]x1e-4, loss: [0.0013]
iter: [25400]/100000, epoch: [0]/3, lr: [1.000]x1e-4, loss: [0.0009]
iter: [25500]/100000, epoch: [0]/3, lr: [1.000]x1e-4, loss: [0.0011]
iter: [25600]/100000, epoch: [0]/3, lr: [1.000]x1e-4, loss: [0.0009]
iter: [25700]/100000, epoch: [0]/3, lr: [1.000]x1e-4, loss: [0.0014]
iter: [25800]/100000, epoch: [0]/3, lr: [1.000]x1e-4, loss: [0.0012]
iter: [25900]/100000, epoch: [0]/3, lr: [1.000]x1e-4, loss: [0.0011]
iter: [26000]/100000, epoch: [0]/3, lr: [1.000]x1e-4, loss: [0.0011]
iter: [26100]/100000, epoch: [0]/3, lr: [1.000]x1e-4, loss: [0.0010]
iter: [26200]/100000, epoch: [0]/3, lr: [1.000]x1e-4, loss: [0.0009]
iter: [26300]/100000, epoch: [0]/3, lr: [1.000]x1e-4, loss: [0.0009]
iter: [26400]/100000, epoch: [0]/3, lr: [1.000]x1e-4, loss: [0.0011]
iter: [26500]/100000, epoch: [0]/3, lr: [1.000]x1e-4, loss: [0.0009]
iter: [26600]/100000, epoch: [0]/3, lr: [1.000]x1e-4, loss: [0.0011]
iter: [26700]/100000, epoch: [0]/3, lr: [1.000]x1e-4, loss: [0.0012]
iter: [26800]/100000, epoch: [0]/3, lr: [1.000]x1e-4, loss: [0.0011]
iter: [26900]/100000, epoch: [0]/3, lr: [1.000]x1e-4, loss: [0.0008]
iter: [27000]/100000, epoch: [0]/3, lr: [1.000]x1e-4, loss: [0.0010]
iter: [27100]/100000, epoch: [0]/3, lr: [1.000]x1e-4, loss: [0.0011]
iter: [27200]/100000, epoch: [0]/3, lr: [1.000]x1e-4, loss: [0.0010]
iter: [27300]/100000, epoch: [0]/3, lr: [1.000]x1e-4, loss: [0.0010]
iter: [27400]/100000, epoch: [0]/3, lr: [1.000]x1e-4, loss: [0.0011]
iter: [27500]/100000, epoch: [0]/3, lr: [1.000]x1e-4, loss: [0.0010]
iter: [27600]/100000, epoch: [0]/3, lr: [1.000]x1e-4, loss: [0.0011]
iter: [27700]/100000, epoch: [0]/3, lr: [1.000]x1e-4, loss: [0.0011]
iter: [27800]/100000, epoch: [0]/3, lr: [1.000]x1e-4, loss: [0.0010]
iter: [27900]/100000, epoch: [0]/3, lr: [1.000]x1e-4, loss: [0.0008]
iter: [28000]/100000, epoch: [0]/3, lr: [1.000]x1e-4, loss: [0.0013]
iter: [28100]/100000, epoch: [0]/3, lr: [1.000]x1e-4, loss: [0.0009]
iter: [28200]/100000, epoch: [0]/3, lr: [1.000]x1e-4, loss: [0.0009]
iter: [28300]/100000, epoch: [0]/3, lr: [1.000]x1e-4, loss: [0.0010]
iter: [28400]/100000, epoch: [0]/3, lr: [1.000]x1e-4, loss: [0.0010]
iter: [28500]/100000, epoch: [0]/3, lr: [1.000]x1e-4, loss: [0.0010]
iter: [28600]/100000, epoch: [0]/3, lr: [1.000]x1e-4, loss: [0.0010]
iter: [28700]/100000, epoch: [0]/3, lr: [1.000]x1e-4, loss: [0.0008]
iter: [28800]/100000, epoch: [0]/3, lr: [1.000]x1e-4, loss: [0.0010]
iter: [28900]/100000, epoch: [0]/3, lr: [1.000]x1e-4, loss: [0.0008]
iter: [29000]/100000, epoch: [0]/3, lr: [1.000]x1e-4, loss: [0.0012]
iter: [29100]/100000, epoch: [0]/3, lr: [1.000]x1e-4, loss: [0.0012]
iter: [29200]/100000, epoch: [0]/3, lr: [1.000]x1e-4, loss: [0.0013]
iter: [29300]/100000, epoch: [0]/3, lr: [1.000]x1e-4, loss: [0.0009]
iter: [29400]/100000, epoch: [0]/3, lr: [1.000]x1e-4, loss: [0.0008]
iter: [29500]/100000, epoch: [0]/3, lr: [1.000]x1e-4, loss: [0.0011]
iter: [29600]/100000, epoch: [0]/3, lr: [1.000]x1e-4, loss: [0.0009]
iter: [29700]/100000, epoch: [0]/3, lr: [1.000]x1e-4, loss: [0.0007]
iter: [29800]/100000, epoch: [0]/3, lr: [1.000]x1e-4, loss: [0.0008]
iter: [29900]/100000, epoch: [0]/3, lr: [1.000]x1e-4, loss: [0.0010]
iter: [30000]/100000, epoch: [0]/3, lr: [1.000]x1e-4, loss: [0.0010]
iter: [30100]/100000, epoch: [0]/3, lr: [1.000]x1e-4, loss: [0.0009]
iter: [30200]/100000, epoch: [0]/3, lr: [1.000]x1e-4, loss: [0.0011]
iter: [30300]/100000, epoch: [0]/3, lr: [1.000]x1e-4, loss: [0.0013]
iter: [30400]/100000, epoch: [0]/3, lr: [1.000]x1e-4, loss: [0.0010]
iter: [30500]/100000, epoch: [0]/3, lr: [1.000]x1e-4, loss: [0.0009]
iter: [30600]/100000, epoch: [0]/3, lr: [1.000]x1e-4, loss: [0.0010]
iter: [30700]/100000, epoch: [0]/3, lr: [1.000]x1e-4, loss: [0.0012]
iter: [30800]/100000, epoch: [0]/3, lr: [1.000]x1e-4, loss: [0.0011]
iter: [30900]/100000, epoch: [0]/3, lr: [1.000]x1e-4, loss: [0.0009]
iter: [31000]/100000, epoch: [0]/3, lr: [1.000]x1e-4, loss: [0.0009]
iter: [31100]/100000, epoch: [0]/3, lr: [1.000]x1e-4, loss: [0.0010]
iter: [31200]/100000, epoch: [0]/3, lr: [1.000]x1e-4, loss: [0.0014]
iter: [31300]/100000, epoch: [0]/3, lr: [1.000]x1e-4, loss: [0.0012]
iter: [31400]/100000, epoch: [0]/3, lr: [1.000]x1e-4, loss: [0.0008]
iter: [31500]/100000, epoch: [1]/3, lr: [1.000]x1e-4, loss: [0.0009]
iter: [31600]/100000, epoch: [1]/3, lr: [1.000]x1e-4, loss: [0.0008]
iter: [31700]/100000, epoch: [1]/3, lr: [1.000]x1e-4, loss: [0.0012]
iter: [31800]/100000, epoch: [1]/3, lr: [1.000]x1e-4, loss: [0.0009]
iter: [31900]/100000, epoch: [1]/3, lr: [1.000]x1e-4, loss: [0.0011]
iter: [32000]/100000, epoch: [1]/3, lr: [1.000]x1e-4, loss: [0.0009]
iter: [32100]/100000, epoch: [1]/3, lr: [1.000]x1e-4, loss: [0.0009]
iter: [32200]/100000, epoch: [1]/3, lr: [1.000]x1e-4, loss: [0.0010]
iter: [32300]/100000, epoch: [1]/3, lr: [1.000]x1e-4, loss: [0.0015]
iter: [32400]/100000, epoch: [1]/3, lr: [1.000]x1e-4, loss: [0.0008]
iter: [32500]/100000, epoch: [1]/3, lr: [1.000]x1e-4, loss: [0.0010]
iter: [32600]/100000, epoch: [1]/3, lr: [1.000]x1e-4, loss: [0.0009]
iter: [32700]/100000, epoch: [1]/3, lr: [1.000]x1e-4, loss: [0.0012]
iter: [32800]/100000, epoch: [1]/3, lr: [1.000]x1e-4, loss: [0.0009]
iter: [32900]/100000, epoch: [1]/3, lr: [1.000]x1e-4, loss: [0.0009]
iter: [33000]/100000, epoch: [1]/3, lr: [1.000]x1e-4, loss: [0.0012]
iter: [33100]/100000, epoch: [1]/3, lr: [1.000]x1e-4, loss: [0.0007]
iter: [33200]/100000, epoch: [1]/3, lr: [1.000]x1e-4, loss: [0.0010]
iter: [33300]/100000, epoch: [1]/3, lr: [1.000]x1e-4, loss: [0.0010]
iter: [33400]/100000, epoch: [1]/3, lr: [1.000]x1e-4, loss: [0.0012]
iter: [33500]/100000, epoch: [1]/3, lr: [1.000]x1e-4, loss: [0.0010]
iter: [33600]/100000, epoch: [1]/3, lr: [1.000]x1e-4, loss: [0.0006]
iter: [33700]/100000, epoch: [1]/3, lr: [1.000]x1e-4, loss: [0.0011]
iter: [33800]/100000, epoch: [1]/3, lr: [1.000]x1e-4, loss: [0.0009]
iter: [33900]/100000, epoch: [1]/3, lr: [1.000]x1e-4, loss: [0.0008]
iter: [34000]/100000, epoch: [1]/3, lr: [1.000]x1e-4, loss: [0.0008]
iter: [34100]/100000, epoch: [1]/3, lr: [1.000]x1e-4, loss: [0.0010]
iter: [34200]/100000, epoch: [1]/3, lr: [1.000]x1e-4, loss: [0.0012]
iter: [34300]/100000, epoch: [1]/3, lr: [1.000]x1e-4, loss: [0.0009]
iter: [34400]/100000, epoch: [1]/3, lr: [1.000]x1e-4, loss: [0.0009]
iter: [34500]/100000, epoch: [1]/3, lr: [1.000]x1e-4, loss: [0.0011]
iter: [34600]/100000, epoch: [1]/3, lr: [1.000]x1e-4, loss: [0.0009]
iter: [34700]/100000, epoch: [1]/3, lr: [1.000]x1e-4, loss: [0.0012]
iter: [34800]/100000, epoch: [1]/3, lr: [1.000]x1e-4, loss: [0.0013]
iter: [34900]/100000, epoch: [1]/3, lr: [1.000]x1e-4, loss: [0.0011]
iter: [35000]/100000, epoch: [1]/3, lr: [1.000]x1e-4, loss: [0.0008]
iter: [35100]/100000, epoch: [1]/3, lr: [1.000]x1e-4, loss: [0.0012]
iter: [35200]/100000, epoch: [1]/3, lr: [1.000]x1e-4, loss: [0.0008]
iter: [35300]/100000, epoch: [1]/3, lr: [1.000]x1e-4, loss: [0.0010]
iter: [35400]/100000, epoch: [1]/3, lr: [1.000]x1e-4, loss: [0.0012]
iter: [35500]/100000, epoch: [1]/3, lr: [1.000]x1e-4, loss: [0.0007]
iter: [35600]/100000, epoch: [1]/3, lr: [1.000]x1e-4, loss: [0.0008]
iter: [35700]/100000, epoch: [1]/3, lr: [1.000]x1e-4, loss: [0.0010]
iter: [35800]/100000, epoch: [1]/3, lr: [1.000]x1e-4, loss: [0.0013]
iter: [35900]/100000, epoch: [1]/3, lr: [1.000]x1e-4, loss: [0.0012]
iter: [36000]/100000, epoch: [1]/3, lr: [1.000]x1e-4, loss: [0.0012]
iter: [36100]/100000, epoch: [1]/3, lr: [1.000]x1e-4, loss: [0.0011]
iter: [36200]/100000, epoch: [1]/3, lr: [1.000]x1e-4, loss: [0.0012]
iter: [36300]/100000, epoch: [1]/3, lr: [1.000]x1e-4, loss: [0.0012]
iter: [36400]/100000, epoch: [1]/3, lr: [1.000]x1e-4, loss: [0.0012]
iter: [36500]/100000, epoch: [1]/3, lr: [1.000]x1e-4, loss: [0.0009]
iter: [36600]/100000, epoch: [1]/3, lr: [1.000]x1e-4, loss: [0.0012]
iter: [36700]/100000, epoch: [1]/3, lr: [1.000]x1e-4, loss: [0.0007]
iter: [36800]/100000, epoch: [1]/3, lr: [1.000]x1e-4, loss: [0.0008]
iter: [36900]/100000, epoch: [1]/3, lr: [1.000]x1e-4, loss: [0.0009]
iter: [37000]/100000, epoch: [1]/3, lr: [1.000]x1e-4, loss: [0.0010]
iter: [37100]/100000, epoch: [1]/3, lr: [1.000]x1e-4, loss: [0.0010]
iter: [37200]/100000, epoch: [1]/3, lr: [1.000]x1e-4, loss: [0.0013]
iter: [37300]/100000, epoch: [1]/3, lr: [1.000]x1e-4, loss: [0.0007]
iter: [37400]/100000, epoch: [1]/3, lr: [1.000]x1e-4, loss: [0.0007]
iter: [37500]/100000, epoch: [1]/3, lr: [1.000]x1e-4, loss: [0.0010]
iter: [37600]/100000, epoch: [1]/3, lr: [1.000]x1e-4, loss: [0.0010]
iter: [37700]/100000, epoch: [1]/3, lr: [1.000]x1e-4, loss: [0.0012]
iter: [37800]/100000, epoch: [1]/3, lr: [1.000]x1e-4, loss: [0.0009]
iter: [37900]/100000, epoch: [1]/3, lr: [1.000]x1e-4, loss: [0.0011]
iter: [38000]/100000, epoch: [1]/3, lr: [1.000]x1e-4, loss: [0.0009]
iter: [38100]/100000, epoch: [1]/3, lr: [1.000]x1e-4, loss: [0.0012]
iter: [38200]/100000, epoch: [1]/3, lr: [1.000]x1e-4, loss: [0.0008]
iter: [38300]/100000, epoch: [1]/3, lr: [1.000]x1e-4, loss: [0.0010]
iter: [38400]/100000, epoch: [1]/3, lr: [1.000]x1e-4, loss: [0.0013]
iter: [38500]/100000, epoch: [1]/3, lr: [1.000]x1e-4, loss: [0.0011]
iter: [38600]/100000, epoch: [1]/3, lr: [1.000]x1e-4, loss: [0.0010]
iter: [38700]/100000, epoch: [1]/3, lr: [1.000]x1e-4, loss: [0.0009]
iter: [38800]/100000, epoch: [1]/3, lr: [1.000]x1e-4, loss: [0.0008]
iter: [38900]/100000, epoch: [1]/3, lr: [1.000]x1e-4, loss: [0.0010]
iter: [39000]/100000, epoch: [1]/3, lr: [1.000]x1e-4, loss: [0.0013]
iter: [39100]/100000, epoch: [1]/3, lr: [1.000]x1e-4, loss: [0.0010]
iter: [39200]/100000, epoch: [1]/3, lr: [1.000]x1e-4, loss: [0.0013]
iter: [39300]/100000, epoch: [1]/3, lr: [1.000]x1e-4, loss: [0.0007]
iter: [39400]/100000, epoch: [1]/3, lr: [1.000]x1e-4, loss: [0.0011]
iter: [39500]/100000, epoch: [1]/3, lr: [1.000]x1e-4, loss: [0.0009]
iter: [39600]/100000, epoch: [1]/3, lr: [1.000]x1e-4, loss: [0.0011]
iter: [39700]/100000, epoch: [1]/3, lr: [1.000]x1e-4, loss: [0.0010]
iter: [39800]/100000, epoch: [1]/3, lr: [1.000]x1e-4, loss: [0.0009]
iter: [39900]/100000, epoch: [1]/3, lr: [1.000]x1e-4, loss: [0.0011]
iter: [40000]/100000, epoch: [1]/3, lr: [1.000]x1e-4, loss: [0.0010]
iter: [40100]/100000, epoch: [1]/3, lr: [1.000]x1e-4, loss: [0.0011]
iter: [40200]/100000, epoch: [1]/3, lr: [1.000]x1e-4, loss: [0.0012]
iter: [40300]/100000, epoch: [1]/3, lr: [1.000]x1e-4, loss: [0.0011]
iter: [40400]/100000, epoch: [1]/3, lr: [1.000]x1e-4, loss: [0.0009]
iter: [40500]/100000, epoch: [1]/3, lr: [1.000]x1e-4, loss: [0.0007]
iter: [40600]/100000, epoch: [1]/3, lr: [1.000]x1e-4, loss: [0.0013]
iter: [40700]/100000, epoch: [1]/3, lr: [1.000]x1e-4, loss: [0.0012]
iter: [40800]/100000, epoch: [1]/3, lr: [1.000]x1e-4, loss: [0.0013]
iter: [40900]/100000, epoch: [1]/3, lr: [1.000]x1e-4, loss: [0.0010]
iter: [41000]/100000, epoch: [1]/3, lr: [1.000]x1e-4, loss: [0.0009]
iter: [41100]/100000, epoch: [1]/3, lr: [1.000]x1e-4, loss: [0.0009]
iter: [41200]/100000, epoch: [1]/3, lr: [1.000]x1e-4, loss: [0.0010]
iter: [41300]/100000, epoch: [1]/3, lr: [1.000]x1e-4, loss: [0.0007]
iter: [41400]/100000, epoch: [1]/3, lr: [1.000]x1e-4, loss: [0.0007]
iter: [41500]/100000, epoch: [1]/3, lr: [1.000]x1e-4, loss: [0.0011]
iter: [41600]/100000, epoch: [1]/3, lr: [1.000]x1e-4, loss: [0.0012]
iter: [41700]/100000, epoch: [1]/3, lr: [1.000]x1e-4, loss: [0.0011]
iter: [41800]/100000, epoch: [1]/3, lr: [1.000]x1e-4, loss: [0.0010]
iter: [41900]/100000, epoch: [1]/3, lr: [1.000]x1e-4, loss: [0.0011]
iter: [42000]/100000, epoch: [1]/3, lr: [1.000]x1e-4, loss: [0.0010]
iter: [42100]/100000, epoch: [1]/3, lr: [1.000]x1e-4, loss: [0.0010]
iter: [42200]/100000, epoch: [1]/3, lr: [1.000]x1e-4, loss: [0.0009]
iter: [42300]/100000, epoch: [1]/3, lr: [1.000]x1e-4, loss: [0.0013]
iter: [42400]/100000, epoch: [1]/3, lr: [1.000]x1e-4, loss: [0.0013]
iter: [42500]/100000, epoch: [1]/3, lr: [1.000]x1e-4, loss: [0.0008]
iter: [42600]/100000, epoch: [1]/3, lr: [1.000]x1e-4, loss: [0.0010]
iter: [42700]/100000, epoch: [1]/3, lr: [1.000]x1e-4, loss: [0.0012]
iter: [42800]/100000, epoch: [1]/3, lr: [1.000]x1e-4, loss: [0.0009]
iter: [42900]/100000, epoch: [1]/3, lr: [1.000]x1e-4, loss: [0.0008]
iter: [43000]/100000, epoch: [1]/3, lr: [1.000]x1e-4, loss: [0.0010]
iter: [43100]/100000, epoch: [1]/3, lr: [1.000]x1e-4, loss: [0.0010]
iter: [43200]/100000, epoch: [1]/3, lr: [1.000]x1e-4, loss: [0.0010]
iter: [43300]/100000, epoch: [1]/3, lr: [1.000]x1e-4, loss: [0.0012]
iter: [43400]/100000, epoch: [1]/3, lr: [1.000]x1e-4, loss: [0.0007]
iter: [43500]/100000, epoch: [1]/3, lr: [1.000]x1e-4, loss: [0.0007]
iter: [43600]/100000, epoch: [1]/3, lr: [1.000]x1e-4, loss: [0.0011]
iter: [43700]/100000, epoch: [1]/3, lr: [1.000]x1e-4, loss: [0.0013]
iter: [43800]/100000, epoch: [1]/3, lr: [1.000]x1e-4, loss: [0.0011]
iter: [43900]/100000, epoch: [1]/3, lr: [1.000]x1e-4, loss: [0.0010]
iter: [44000]/100000, epoch: [1]/3, lr: [1.000]x1e-4, loss: [0.0010]
iter: [44100]/100000, epoch: [1]/3, lr: [1.000]x1e-4, loss: [0.0010]
iter: [44200]/100000, epoch: [1]/3, lr: [1.000]x1e-4, loss: [0.0011]
iter: [44300]/100000, epoch: [1]/3, lr: [1.000]x1e-4, loss: [0.0011]
iter: [44400]/100000, epoch: [1]/3, lr: [1.000]x1e-4, loss: [0.0008]
iter: [44500]/100000, epoch: [1]/3, lr: [1.000]x1e-4, loss: [0.0008]
iter: [44600]/100000, epoch: [1]/3, lr: [1.000]x1e-4, loss: [0.0010]
iter: [44700]/100000, epoch: [1]/3, lr: [1.000]x1e-4, loss: [0.0010]
iter: [44800]/100000, epoch: [1]/3, lr: [1.000]x1e-4, loss: [0.0010]
iter: [44900]/100000, epoch: [1]/3, lr: [1.000]x1e-4, loss: [0.0012]
iter: [45000]/100000, epoch: [1]/3, lr: [1.000]x1e-4, loss: [0.0011]
iter: [45100]/100000, epoch: [1]/3, lr: [1.000]x1e-4, loss: [0.0010]
iter: [45200]/100000, epoch: [1]/3, lr: [1.000]x1e-4, loss: [0.0008]
iter: [45300]/100000, epoch: [1]/3, lr: [1.000]x1e-4, loss: [0.0011]
iter: [45400]/100000, epoch: [1]/3, lr: [1.000]x1e-4, loss: [0.0011]
iter: [45500]/100000, epoch: [1]/3, lr: [1.000]x1e-4, loss: [0.0009]
iter: [45600]/100000, epoch: [1]/3, lr: [1.000]x1e-4, loss: [0.0011]
iter: [45700]/100000, epoch: [1]/3, lr: [1.000]x1e-4, loss: [0.0009]
iter: [45800]/100000, epoch: [1]/3, lr: [1.000]x1e-4, loss: [0.0010]
iter: [45900]/100000, epoch: [1]/3, lr: [1.000]x1e-4, loss: [0.0009]
iter: [46000]/100000, epoch: [1]/3, lr: [1.000]x1e-4, loss: [0.0010]
iter: [46100]/100000, epoch: [1]/3, lr: [1.000]x1e-4, loss: [0.0009]
iter: [46200]/100000, epoch: [1]/3, lr: [1.000]x1e-4, loss: [0.0010]
iter: [46300]/100000, epoch: [1]/3, lr: [1.000]x1e-4, loss: [0.0015]
iter: [46400]/100000, epoch: [1]/3, lr: [1.000]x1e-4, loss: [0.0010]
iter: [46500]/100000, epoch: [1]/3, lr: [1.000]x1e-4, loss: [0.0011]
iter: [46600]/100000, epoch: [1]/3, lr: [1.000]x1e-4, loss: [0.0008]
iter: [46700]/100000, epoch: [1]/3, lr: [1.000]x1e-4, loss: [0.0008]
iter: [46800]/100000, epoch: [1]/3, lr: [1.000]x1e-4, loss: [0.0011]
iter: [46900]/100000, epoch: [1]/3, lr: [1.000]x1e-4, loss: [0.0012]
iter: [47000]/100000, epoch: [1]/3, lr: [1.000]x1e-4, loss: [0.0010]
iter: [47100]/100000, epoch: [1]/3, lr: [1.000]x1e-4, loss: [0.0011]
iter: [47200]/100000, epoch: [1]/3, lr: [1.000]x1e-4, loss: [0.0014]
iter: [47300]/100000, epoch: [1]/3, lr: [1.000]x1e-4, loss: [0.0012]
iter: [47400]/100000, epoch: [1]/3, lr: [1.000]x1e-4, loss: [0.0009]
iter: [47500]/100000, epoch: [1]/3, lr: [1.000]x1e-4, loss: [0.0011]
iter: [47600]/100000, epoch: [1]/3, lr: [1.000]x1e-4, loss: [0.0009]
iter: [47700]/100000, epoch: [1]/3, lr: [1.000]x1e-4, loss: [0.0010]
iter: [47800]/100000, epoch: [1]/3, lr: [1.000]x1e-4, loss: [0.0008]
iter: [47900]/100000, epoch: [1]/3, lr: [1.000]x1e-4, loss: [0.0011]
iter: [48000]/100000, epoch: [1]/3, lr: [1.000]x1e-4, loss: [0.0009]
iter: [48100]/100000, epoch: [1]/3, lr: [1.000]x1e-4, loss: [0.0010]
iter: [48200]/100000, epoch: [1]/3, lr: [1.000]x1e-4, loss: [0.0011]
iter: [48300]/100000, epoch: [1]/3, lr: [1.000]x1e-4, loss: [0.0009]
iter: [48400]/100000, epoch: [1]/3, lr: [1.000]x1e-4, loss: [0.0011]
iter: [48500]/100000, epoch: [1]/3, lr: [1.000]x1e-4, loss: [0.0009]
iter: [48600]/100000, epoch: [1]/3, lr: [1.000]x1e-4, loss: [0.0009]
iter: [48700]/100000, epoch: [1]/3, lr: [1.000]x1e-4, loss: [0.0010]
iter: [48800]/100000, epoch: [1]/3, lr: [1.000]x1e-4, loss: [0.0012]
iter: [48900]/100000, epoch: [1]/3, lr: [1.000]x1e-4, loss: [0.0008]
iter: [49000]/100000, epoch: [1]/3, lr: [1.000]x1e-4, loss: [0.0013]
iter: [49100]/100000, epoch: [1]/3, lr: [1.000]x1e-4, loss: [0.0009]
iter: [49200]/100000, epoch: [1]/3, lr: [1.000]x1e-4, loss: [0.0011]
iter: [49300]/100000, epoch: [1]/3, lr: [1.000]x1e-4, loss: [0.0012]
iter: [49400]/100000, epoch: [1]/3, lr: [1.000]x1e-4, loss: [0.0011]
iter: [49500]/100000, epoch: [1]/3, lr: [1.000]x1e-4, loss: [0.0009]
iter: [49600]/100000, epoch: [1]/3, lr: [1.000]x1e-4, loss: [0.0010]
iter: [49700]/100000, epoch: [1]/3, lr: [1.000]x1e-4, loss: [0.0011]
iter: [49800]/100000, epoch: [1]/3, lr: [1.000]x1e-4, loss: [0.0011]
iter: [49900]/100000, epoch: [1]/3, lr: [1.000]x1e-4, loss: [0.0011]
iter: [50000]/100000, epoch: [1]/3, lr: [1.000]x1e-4, loss: [0.0010]
iter: [50100]/100000, epoch: [1]/3, lr: [1.000]x1e-4, loss: [0.0013]
iter: [50200]/100000, epoch: [1]/3, lr: [1.000]x1e-4, loss: [0.0010]
iter: [50300]/100000, epoch: [1]/3, lr: [1.000]x1e-4, loss: [0.0012]
iter: [50400]/100000, epoch: [1]/3, lr: [1.000]x1e-4, loss: [0.0009]
iter: [50500]/100000, epoch: [1]/3, lr: [1.000]x1e-4, loss: [0.0010]
iter: [50600]/100000, epoch: [1]/3, lr: [1.000]x1e-4, loss: [0.0009]
iter: [50700]/100000, epoch: [1]/3, lr: [1.000]x1e-4, loss: [0.0010]
iter: [50800]/100000, epoch: [1]/3, lr: [1.000]x1e-4, loss: [0.0009]
iter: [50900]/100000, epoch: [1]/3, lr: [1.000]x1e-4, loss: [0.0010]
iter: [51000]/100000, epoch: [1]/3, lr: [1.000]x1e-4, loss: [0.0010]
iter: [51100]/100000, epoch: [1]/3, lr: [1.000]x1e-4, loss: [0.0007]
iter: [51200]/100000, epoch: [1]/3, lr: [1.000]x1e-4, loss: [0.0012]
iter: [51300]/100000, epoch: [1]/3, lr: [1.000]x1e-4, loss: [0.0010]
iter: [51400]/100000, epoch: [1]/3, lr: [1.000]x1e-4, loss: [0.0010]
iter: [51500]/100000, epoch: [1]/3, lr: [1.000]x1e-4, loss: [0.0010]
iter: [51600]/100000, epoch: [1]/3, lr: [1.000]x1e-4, loss: [0.0008]
iter: [51700]/100000, epoch: [1]/3, lr: [1.000]x1e-4, loss: [0.0010]
iter: [51800]/100000, epoch: [1]/3, lr: [1.000]x1e-4, loss: [0.0008]
iter: [51900]/100000, epoch: [1]/3, lr: [1.000]x1e-4, loss: [0.0011]
iter: [52000]/100000, epoch: [1]/3, lr: [1.000]x1e-4, loss: [0.0007]
iter: [52100]/100000, epoch: [1]/3, lr: [1.000]x1e-4, loss: [0.0010]
iter: [52200]/100000, epoch: [1]/3, lr: [1.000]x1e-4, loss: [0.0010]
iter: [52300]/100000, epoch: [1]/3, lr: [1.000]x1e-4, loss: [0.0010]
iter: [52400]/100000, epoch: [1]/3, lr: [1.000]x1e-4, loss: [0.0011]
iter: [52500]/100000, epoch: [1]/3, lr: [1.000]x1e-4, loss: [0.0011]
iter: [52600]/100000, epoch: [1]/3, lr: [1.000]x1e-4, loss: [0.0009]
iter: [52700]/100000, epoch: [1]/3, lr: [1.000]x1e-4, loss: [0.0012]
iter: [52800]/100000, epoch: [1]/3, lr: [1.000]x1e-4, loss: [0.0012]
iter: [52900]/100000, epoch: [1]/3, lr: [1.000]x1e-4, loss: [0.0007]
iter: [53000]/100000, epoch: [1]/3, lr: [1.000]x1e-4, loss: [0.0013]
iter: [53100]/100000, epoch: [1]/3, lr: [1.000]x1e-4, loss: [0.0012]
iter: [53200]/100000, epoch: [1]/3, lr: [1.000]x1e-4, loss: [0.0011]
iter: [53300]/100000, epoch: [1]/3, lr: [1.000]x1e-4, loss: [0.0010]
iter: [53400]/100000, epoch: [1]/3, lr: [1.000]x1e-4, loss: [0.0010]
iter: [53500]/100000, epoch: [1]/3, lr: [1.000]x1e-4, loss: [0.0012]
iter: [53600]/100000, epoch: [1]/3, lr: [1.000]x1e-4, loss: [0.0011]
iter: [53700]/100000, epoch: [1]/3, lr: [1.000]x1e-4, loss: [0.0011]
iter: [53800]/100000, epoch: [1]/3, lr: [1.000]x1e-4, loss: [0.0010]
iter: [53900]/100000, epoch: [1]/3, lr: [1.000]x1e-4, loss: [0.0011]
iter: [54000]/100000, epoch: [1]/3, lr: [1.000]x1e-4, loss: [0.0009]
iter: [54100]/100000, epoch: [1]/3, lr: [1.000]x1e-4, loss: [0.0011]
iter: [54200]/100000, epoch: [1]/3, lr: [1.000]x1e-4, loss: [0.0013]
iter: [54300]/100000, epoch: [1]/3, lr: [1.000]x1e-4, loss: [0.0010]
iter: [54400]/100000, epoch: [1]/3, lr: [1.000]x1e-4, loss: [0.0011]
iter: [54500]/100000, epoch: [1]/3, lr: [1.000]x1e-4, loss: [0.0012]
iter: [54600]/100000, epoch: [1]/3, lr: [1.000]x1e-4, loss: [0.0014]
iter: [54700]/100000, epoch: [1]/3, lr: [1.000]x1e-4, loss: [0.0010]
iter: [54800]/100000, epoch: [1]/3, lr: [1.000]x1e-4, loss: [0.0011]
iter: [54900]/100000, epoch: [1]/3, lr: [1.000]x1e-4, loss: [0.0009]
iter: [55000]/100000, epoch: [1]/3, lr: [1.000]x1e-4, loss: [0.0009]
iter: [55100]/100000, epoch: [1]/3, lr: [1.000]x1e-4, loss: [0.0012]
iter: [55200]/100000, epoch: [1]/3, lr: [1.000]x1e-4, loss: [0.0011]
iter: [55300]/100000, epoch: [1]/3, lr: [1.000]x1e-4, loss: [0.0009]
iter: [55400]/100000, epoch: [1]/3, lr: [1.000]x1e-4, loss: [0.0012]
iter: [55500]/100000, epoch: [1]/3, lr: [1.000]x1e-4, loss: [0.0012]
iter: [55600]/100000, epoch: [1]/3, lr: [1.000]x1e-4, loss: [0.0014]
iter: [55700]/100000, epoch: [1]/3, lr: [1.000]x1e-4, loss: [0.0009]
iter: [55800]/100000, epoch: [1]/3, lr: [1.000]x1e-4, loss: [0.0011]
iter: [55900]/100000, epoch: [1]/3, lr: [1.000]x1e-4, loss: [0.0009]
iter: [56000]/100000, epoch: [1]/3, lr: [1.000]x1e-4, loss: [0.0012]
iter: [56100]/100000, epoch: [1]/3, lr: [1.000]x1e-4, loss: [0.0007]
iter: [56200]/100000, epoch: [1]/3, lr: [1.000]x1e-4, loss: [0.0009]
iter: [56300]/100000, epoch: [1]/3, lr: [1.000]x1e-4, loss: [0.0008]
iter: [56400]/100000, epoch: [1]/3, lr: [1.000]x1e-4, loss: [0.0012]
iter: [56500]/100000, epoch: [1]/3, lr: [1.000]x1e-4, loss: [0.0009]
iter: [56600]/100000, epoch: [1]/3, lr: [1.000]x1e-4, loss: [0.0011]
iter: [56700]/100000, epoch: [1]/3, lr: [1.000]x1e-4, loss: [0.0012]
iter: [56800]/100000, epoch: [1]/3, lr: [1.000]x1e-4, loss: [0.0008]
iter: [56900]/100000, epoch: [1]/3, lr: [1.000]x1e-4, loss: [0.0010]
iter: [57000]/100000, epoch: [1]/3, lr: [1.000]x1e-4, loss: [0.0009]
iter: [57100]/100000, epoch: [1]/3, lr: [1.000]x1e-4, loss: [0.0010]
iter: [57200]/100000, epoch: [1]/3, lr: [1.000]x1e-4, loss: [0.0010]
iter: [57300]/100000, epoch: [1]/3, lr: [1.000]x1e-4, loss: [0.0011]
iter: [57400]/100000, epoch: [1]/3, lr: [1.000]x1e-4, loss: [0.0008]
iter: [57500]/100000, epoch: [1]/3, lr: [1.000]x1e-4, loss: [0.0012]
iter: [57600]/100000, epoch: [1]/3, lr: [1.000]x1e-4, loss: [0.0013]
iter: [57700]/100000, epoch: [1]/3, lr: [1.000]x1e-4, loss: [0.0011]
iter: [57800]/100000, epoch: [1]/3, lr: [1.000]x1e-4, loss: [0.0010]
iter: [57900]/100000, epoch: [1]/3, lr: [1.000]x1e-4, loss: [0.0009]
iter: [58000]/100000, epoch: [1]/3, lr: [1.000]x1e-4, loss: [0.0010]
iter: [58100]/100000, epoch: [1]/3, lr: [1.000]x1e-4, loss: [0.0013]
iter: [58200]/100000, epoch: [1]/3, lr: [1.000]x1e-4, loss: [0.0010]
iter: [58300]/100000, epoch: [1]/3, lr: [1.000]x1e-4, loss: [0.0009]
iter: [58400]/100000, epoch: [1]/3, lr: [1.000]x1e-4, loss: [0.0008]
iter: [58500]/100000, epoch: [1]/3, lr: [1.000]x1e-4, loss: [0.0009]
iter: [58600]/100000, epoch: [1]/3, lr: [1.000]x1e-4, loss: [0.0011]
iter: [58700]/100000, epoch: [1]/3, lr: [1.000]x1e-4, loss: [0.0008]
iter: [58800]/100000, epoch: [1]/3, lr: [1.000]x1e-4, loss: [0.0011]
iter: [58900]/100000, epoch: [1]/3, lr: [1.000]x1e-4, loss: [0.0012]
iter: [59000]/100000, epoch: [1]/3, lr: [1.000]x1e-4, loss: [0.0010]
iter: [59100]/100000, epoch: [1]/3, lr: [1.000]x1e-4, loss: [0.0008]
iter: [59200]/100000, epoch: [1]/3, lr: [1.000]x1e-4, loss: [0.0010]
iter: [59300]/100000, epoch: [1]/3, lr: [1.000]x1e-4, loss: [0.0009]
iter: [59400]/100000, epoch: [1]/3, lr: [1.000]x1e-4, loss: [0.0009]
iter: [59500]/100000, epoch: [1]/3, lr: [1.000]x1e-4, loss: [0.0009]
iter: [59600]/100000, epoch: [1]/3, lr: [1.000]x1e-4, loss: [0.0007]
iter: [59700]/100000, epoch: [1]/3, lr: [1.000]x1e-4, loss: [0.0009]
iter: [59800]/100000, epoch: [1]/3, lr: [1.000]x1e-4, loss: [0.0011]
iter: [59900]/100000, epoch: [1]/3, lr: [1.000]x1e-4, loss: [0.0009]
iter: [60000]/100000, epoch: [1]/3, lr: [1.000]x1e-4, loss: [0.0009]
iter: [60100]/100000, epoch: [1]/3, lr: [1.000]x1e-4, loss: [0.0012]
iter: [60200]/100000, epoch: [1]/3, lr: [1.000]x1e-4, loss: [0.0010]
iter: [60300]/100000, epoch: [1]/3, lr: [1.000]x1e-4, loss: [0.0011]
iter: [60400]/100000, epoch: [1]/3, lr: [1.000]x1e-4, loss: [0.0012]
iter: [60500]/100000, epoch: [1]/3, lr: [1.000]x1e-4, loss: [0.0010]
iter: [60600]/100000, epoch: [1]/3, lr: [1.000]x1e-4, loss: [0.0009]
iter: [60700]/100000, epoch: [1]/3, lr: [1.000]x1e-4, loss: [0.0010]
iter: [60800]/100000, epoch: [1]/3, lr: [1.000]x1e-4, loss: [0.0008]
iter: [60900]/100000, epoch: [1]/3, lr: [1.000]x1e-4, loss: [0.0015]
iter: [61000]/100000, epoch: [1]/3, lr: [1.000]x1e-4, loss: [0.0010]
iter: [61100]/100000, epoch: [1]/3, lr: [1.000]x1e-4, loss: [0.0014]
iter: [61200]/100000, epoch: [1]/3, lr: [1.000]x1e-4, loss: [0.0009]
iter: [61300]/100000, epoch: [1]/3, lr: [1.000]x1e-4, loss: [0.0007]
iter: [61400]/100000, epoch: [1]/3, lr: [1.000]x1e-4, loss: [0.0011]
iter: [61500]/100000, epoch: [1]/3, lr: [1.000]x1e-4, loss: [0.0010]
iter: [61600]/100000, epoch: [1]/3, lr: [1.000]x1e-4, loss: [0.0011]
iter: [61700]/100000, epoch: [1]/3, lr: [1.000]x1e-4, loss: [0.0010]
iter: [61800]/100000, epoch: [1]/3, lr: [1.000]x1e-4, loss: [0.0010]
iter: [61900]/100000, epoch: [1]/3, lr: [1.000]x1e-4, loss: [0.0011]
iter: [62000]/100000, epoch: [1]/3, lr: [1.000]x1e-4, loss: [0.0011]
iter: [62100]/100000, epoch: [1]/3, lr: [1.000]x1e-4, loss: [0.0010]
iter: [62200]/100000, epoch: [1]/3, lr: [1.000]x1e-4, loss: [0.0006]
iter: [62300]/100000, epoch: [1]/3, lr: [1.000]x1e-4, loss: [0.0015]
iter: [62400]/100000, epoch: [1]/3, lr: [1.000]x1e-4, loss: [0.0008]
iter: [62500]/100000, epoch: [1]/3, lr: [1.000]x1e-4, loss: [0.0009]
iter: [62600]/100000, epoch: [1]/3, lr: [1.000]x1e-4, loss: [0.0010]
iter: [62700]/100000, epoch: [1]/3, lr: [1.000]x1e-4, loss: [0.0011]
iter: [62800]/100000, epoch: [1]/3, lr: [1.000]x1e-4, loss: [0.0008]
iter: [62900]/100000, epoch: [1]/3, lr: [1.000]x1e-4, loss: [0.0010]
iter: [63000]/100000, epoch: [2]/3, lr: [1.000]x1e-4, loss: [0.0009]
iter: [63100]/100000, epoch: [2]/3, lr: [1.000]x1e-4, loss: [0.0012]
iter: [63200]/100000, epoch: [2]/3, lr: [1.000]x1e-4, loss: [0.0012]
iter: [63300]/100000, epoch: [2]/3, lr: [1.000]x1e-4, loss: [0.0008]
iter: [63400]/100000, epoch: [2]/3, lr: [1.000]x1e-4, loss: [0.0010]
iter: [63500]/100000, epoch: [2]/3, lr: [1.000]x1e-4, loss: [0.0008]
iter: [63600]/100000, epoch: [2]/3, lr: [1.000]x1e-4, loss: [0.0009]
iter: [63700]/100000, epoch: [2]/3, lr: [1.000]x1e-4, loss: [0.0010]
iter: [63800]/100000, epoch: [2]/3, lr: [1.000]x1e-4, loss: [0.0010]
iter: [63900]/100000, epoch: [2]/3, lr: [1.000]x1e-4, loss: [0.0012]
iter: [64000]/100000, epoch: [2]/3, lr: [1.000]x1e-4, loss: [0.0008]
iter: [64100]/100000, epoch: [2]/3, lr: [1.000]x1e-4, loss: [0.0011]
iter: [64200]/100000, epoch: [2]/3, lr: [1.000]x1e-4, loss: [0.0009]
iter: [64300]/100000, epoch: [2]/3, lr: [1.000]x1e-4, loss: [0.0009]
iter: [64400]/100000, epoch: [2]/3, lr: [1.000]x1e-4, loss: [0.0011]
iter: [64500]/100000, epoch: [2]/3, lr: [1.000]x1e-4, loss: [0.0010]
iter: [64600]/100000, epoch: [2]/3, lr: [1.000]x1e-4, loss: [0.0008]
iter: [64700]/100000, epoch: [2]/3, lr: [1.000]x1e-4, loss: [0.0011]
iter: [64800]/100000, epoch: [2]/3, lr: [1.000]x1e-4, loss: [0.0011]
iter: [64900]/100000, epoch: [2]/3, lr: [1.000]x1e-4, loss: [0.0009]
iter: [65000]/100000, epoch: [2]/3, lr: [1.000]x1e-4, loss: [0.0009]
iter: [65100]/100000, epoch: [2]/3, lr: [1.000]x1e-4, loss: [0.0008]
iter: [65200]/100000, epoch: [2]/3, lr: [1.000]x1e-4, loss: [0.0011]
iter: [65300]/100000, epoch: [2]/3, lr: [1.000]x1e-4, loss: [0.0011]
iter: [65400]/100000, epoch: [2]/3, lr: [1.000]x1e-4, loss: [0.0010]
iter: [65500]/100000, epoch: [2]/3, lr: [1.000]x1e-4, loss: [0.0012]
iter: [65600]/100000, epoch: [2]/3, lr: [1.000]x1e-4, loss: [0.0009]
iter: [65700]/100000, epoch: [2]/3, lr: [1.000]x1e-4, loss: [0.0010]
iter: [65800]/100000, epoch: [2]/3, lr: [1.000]x1e-4, loss: [0.0010]
iter: [65900]/100000, epoch: [2]/3, lr: [1.000]x1e-4, loss: [0.0011]
iter: [66000]/100000, epoch: [2]/3, lr: [1.000]x1e-4, loss: [0.0011]
iter: [66100]/100000, epoch: [2]/3, lr: [1.000]x1e-4, loss: [0.0012]
iter: [66200]/100000, epoch: [2]/3, lr: [1.000]x1e-4, loss: [0.0007]
iter: [66300]/100000, epoch: [2]/3, lr: [1.000]x1e-4, loss: [0.0010]
iter: [66400]/100000, epoch: [2]/3, lr: [1.000]x1e-4, loss: [0.0008]
iter: [66500]/100000, epoch: [2]/3, lr: [1.000]x1e-4, loss: [0.0011]
iter: [66600]/100000, epoch: [2]/3, lr: [1.000]x1e-4, loss: [0.0007]
iter: [66700]/100000, epoch: [2]/3, lr: [1.000]x1e-4, loss: [0.0010]
iter: [66800]/100000, epoch: [2]/3, lr: [1.000]x1e-4, loss: [0.0011]
iter: [66900]/100000, epoch: [2]/3, lr: [1.000]x1e-4, loss: [0.0012]
iter: [67000]/100000, epoch: [2]/3, lr: [1.000]x1e-4, loss: [0.0009]
iter: [67100]/100000, epoch: [2]/3, lr: [1.000]x1e-4, loss: [0.0008]
iter: [67200]/100000, epoch: [2]/3, lr: [1.000]x1e-4, loss: [0.0010]
iter: [67300]/100000, epoch: [2]/3, lr: [1.000]x1e-4, loss: [0.0011]
iter: [67400]/100000, epoch: [2]/3, lr: [1.000]x1e-4, loss: [0.0010]
iter: [67500]/100000, epoch: [2]/3, lr: [1.000]x1e-4, loss: [0.0010]
iter: [67600]/100000, epoch: [2]/3, lr: [1.000]x1e-4, loss: [0.0009]
iter: [67700]/100000, epoch: [2]/3, lr: [1.000]x1e-4, loss: [0.0010]
iter: [67800]/100000, epoch: [2]/3, lr: [1.000]x1e-4, loss: [0.0011]
iter: [67900]/100000, epoch: [2]/3, lr: [1.000]x1e-4, loss: [0.0010]
iter: [68000]/100000, epoch: [2]/3, lr: [1.000]x1e-4, loss: [0.0011]
iter: [68100]/100000, epoch: [2]/3, lr: [1.000]x1e-4, loss: [0.0009]
iter: [68200]/100000, epoch: [2]/3, lr: [1.000]x1e-4, loss: [0.0010]
iter: [68300]/100000, epoch: [2]/3, lr: [1.000]x1e-4, loss: [0.0010]
iter: [68400]/100000, epoch: [2]/3, lr: [1.000]x1e-4, loss: [0.0008]
iter: [68500]/100000, epoch: [2]/3, lr: [1.000]x1e-4, loss: [0.0009]
iter: [68600]/100000, epoch: [2]/3, lr: [1.000]x1e-4, loss: [0.0010]
iter: [68700]/100000, epoch: [2]/3, lr: [1.000]x1e-4, loss: [0.0009]
iter: [68800]/100000, epoch: [2]/3, lr: [1.000]x1e-4, loss: [0.0009]
iter: [68900]/100000, epoch: [2]/3, lr: [1.000]x1e-4, loss: [0.0010]
iter: [69000]/100000, epoch: [2]/3, lr: [1.000]x1e-4, loss: [0.0011]
iter: [69100]/100000, epoch: [2]/3, lr: [1.000]x1e-4, loss: [0.0009]
iter: [69200]/100000, epoch: [2]/3, lr: [1.000]x1e-4, loss: [0.0012]
iter: [69300]/100000, epoch: [2]/3, lr: [1.000]x1e-4, loss: [0.0009]
iter: [69400]/100000, epoch: [2]/3, lr: [1.000]x1e-4, loss: [0.0010]
iter: [69500]/100000, epoch: [2]/3, lr: [1.000]x1e-4, loss: [0.0012]
iter: [69600]/100000, epoch: [2]/3, lr: [1.000]x1e-4, loss: [0.0011]
iter: [69700]/100000, epoch: [2]/3, lr: [1.000]x1e-4, loss: [0.0011]
iter: [69800]/100000, epoch: [2]/3, lr: [1.000]x1e-4, loss: [0.0012]
iter: [69900]/100000, epoch: [2]/3, lr: [1.000]x1e-4, loss: [0.0010]
iter: [70000]/100000, epoch: [2]/3, lr: [1.000]x1e-4, loss: [0.0008]
iter: [70100]/100000, epoch: [2]/3, lr: [1.000]x1e-4, loss: [0.0008]
iter: [70200]/100000, epoch: [2]/3, lr: [1.000]x1e-4, loss: [0.0012]
iter: [70300]/100000, epoch: [2]/3, lr: [1.000]x1e-4, loss: [0.0011]
iter: [70400]/100000, epoch: [2]/3, lr: [1.000]x1e-4, loss: [0.0010]
iter: [70500]/100000, epoch: [2]/3, lr: [1.000]x1e-4, loss: [0.0011]
iter: [70600]/100000, epoch: [2]/3, lr: [1.000]x1e-4, loss: [0.0008]
iter: [70700]/100000, epoch: [2]/3, lr: [1.000]x1e-4, loss: [0.0007]
iter: [70800]/100000, epoch: [2]/3, lr: [1.000]x1e-4, loss: [0.0007]
iter: [70900]/100000, epoch: [2]/3, lr: [1.000]x1e-4, loss: [0.0010]
iter: [71000]/100000, epoch: [2]/3, lr: [1.000]x1e-4, loss: [0.0010]
iter: [71100]/100000, epoch: [2]/3, lr: [1.000]x1e-4, loss: [0.0010]
iter: [71200]/100000, epoch: [2]/3, lr: [1.000]x1e-4, loss: [0.0013]
iter: [71300]/100000, epoch: [2]/3, lr: [1.000]x1e-4, loss: [0.0008]
iter: [71400]/100000, epoch: [2]/3, lr: [1.000]x1e-4, loss: [0.0009]
iter: [71500]/100000, epoch: [2]/3, lr: [1.000]x1e-4, loss: [0.0009]
iter: [71600]/100000, epoch: [2]/3, lr: [1.000]x1e-4, loss: [0.0012]
iter: [71700]/100000, epoch: [2]/3, lr: [1.000]x1e-4, loss: [0.0009]
iter: [71800]/100000, epoch: [2]/3, lr: [1.000]x1e-4, loss: [0.0013]
iter: [71900]/100000, epoch: [2]/3, lr: [1.000]x1e-4, loss: [0.0015]
iter: [72000]/100000, epoch: [2]/3, lr: [1.000]x1e-4, loss: [0.0008]
iter: [72100]/100000, epoch: [2]/3, lr: [1.000]x1e-4, loss: [0.0013]
iter: [72200]/100000, epoch: [2]/3, lr: [1.000]x1e-4, loss: [0.0014]
iter: [72300]/100000, epoch: [2]/3, lr: [1.000]x1e-4, loss: [0.0009]
iter: [72400]/100000, epoch: [2]/3, lr: [1.000]x1e-4, loss: [0.0011]
iter: [72500]/100000, epoch: [2]/3, lr: [1.000]x1e-4, loss: [0.0006]
iter: [72600]/100000, epoch: [2]/3, lr: [1.000]x1e-4, loss: [0.0011]
iter: [72700]/100000, epoch: [2]/3, lr: [1.000]x1e-4, loss: [0.0008]
iter: [72800]/100000, epoch: [2]/3, lr: [1.000]x1e-4, loss: [0.0010]
iter: [72900]/100000, epoch: [2]/3, lr: [1.000]x1e-4, loss: [0.0010]
iter: [73000]/100000, epoch: [2]/3, lr: [1.000]x1e-4, loss: [0.0012]
iter: [73100]/100000, epoch: [2]/3, lr: [1.000]x1e-4, loss: [0.0009]
iter: [73200]/100000, epoch: [2]/3, lr: [1.000]x1e-4, loss: [0.0009]
iter: [73300]/100000, epoch: [2]/3, lr: [1.000]x1e-4, loss: [0.0009]
iter: [73400]/100000, epoch: [2]/3, lr: [1.000]x1e-4, loss: [0.0014]
iter: [73500]/100000, epoch: [2]/3, lr: [1.000]x1e-4, loss: [0.0009]
iter: [73600]/100000, epoch: [2]/3, lr: [1.000]x1e-4, loss: [0.0011]
iter: [73700]/100000, epoch: [2]/3, lr: [1.000]x1e-4, loss: [0.0009]
iter: [73800]/100000, epoch: [2]/3, lr: [1.000]x1e-4, loss: [0.0010]
iter: [73900]/100000, epoch: [2]/3, lr: [1.000]x1e-4, loss: [0.0012]
iter: [74000]/100000, epoch: [2]/3, lr: [1.000]x1e-4, loss: [0.0013]
iter: [74100]/100000, epoch: [2]/3, lr: [1.000]x1e-4, loss: [0.0012]
iter: [74200]/100000, epoch: [2]/3, lr: [1.000]x1e-4, loss: [0.0009]
iter: [74300]/100000, epoch: [2]/3, lr: [1.000]x1e-4, loss: [0.0010]
iter: [74400]/100000, epoch: [2]/3, lr: [1.000]x1e-4, loss: [0.0008]
iter: [74500]/100000, epoch: [2]/3, lr: [1.000]x1e-4, loss: [0.0011]
iter: [74600]/100000, epoch: [2]/3, lr: [1.000]x1e-4, loss: [0.0007]
iter: [74700]/100000, epoch: [2]/3, lr: [1.000]x1e-4, loss: [0.0009]
iter: [74800]/100000, epoch: [2]/3, lr: [1.000]x1e-4, loss: [0.0013]
iter: [74900]/100000, epoch: [2]/3, lr: [1.000]x1e-4, loss: [0.0015]
iter: [75000]/100000, epoch: [2]/3, lr: [1.000]x1e-4, loss: [0.0008]
iter: [75100]/100000, epoch: [2]/3, lr: [1.000]x1e-4, loss: [0.0012]
iter: [75200]/100000, epoch: [2]/3, lr: [1.000]x1e-4, loss: [0.0011]
iter: [75300]/100000, epoch: [2]/3, lr: [1.000]x1e-4, loss: [0.0011]
iter: [75400]/100000, epoch: [2]/3, lr: [1.000]x1e-4, loss: [0.0011]
iter: [75500]/100000, epoch: [2]/3, lr: [1.000]x1e-4, loss: [0.0009]
iter: [75600]/100000, epoch: [2]/3, lr: [1.000]x1e-4, loss: [0.0008]
iter: [75700]/100000, epoch: [2]/3, lr: [1.000]x1e-4, loss: [0.0010]
iter: [75800]/100000, epoch: [2]/3, lr: [1.000]x1e-4, loss: [0.0009]
iter: [75900]/100000, epoch: [2]/3, lr: [1.000]x1e-4, loss: [0.0014]
iter: [76000]/100000, epoch: [2]/3, lr: [1.000]x1e-4, loss: [0.0010]
> model saved at exp/QP22/ckp_76000.pt
> ave val per: [41.051] dB
iter: [76100]/100000, epoch: [2]/3, lr: [1.000]x1e-4, loss: [0.0011]
iter: [76200]/100000, epoch: [2]/3, lr: [1.000]x1e-4, loss: [0.0008]
iter: [76300]/100000, epoch: [2]/3, lr: [1.000]x1e-4, loss: [0.0007]
iter: [76400]/100000, epoch: [2]/3, lr: [1.000]x1e-4, loss: [0.0009]
iter: [76500]/100000, epoch: [2]/3, lr: [1.000]x1e-4, loss: [0.0010]
iter: [76600]/100000, epoch: [2]/3, lr: [1.000]x1e-4, loss: [0.0010]
iter: [76700]/100000, epoch: [2]/3, lr: [1.000]x1e-4, loss: [0.0010]
iter: [76800]/100000, epoch: [2]/3, lr: [1.000]x1e-4, loss: [0.0011]
iter: [76900]/100000, epoch: [2]/3, lr: [1.000]x1e-4, loss: [0.0010]
iter: [77000]/100000, epoch: [2]/3, lr: [1.000]x1e-4, loss: [0.0010]
iter: [77100]/100000, epoch: [2]/3, lr: [1.000]x1e-4, loss: [0.0011]
iter: [77200]/100000, epoch: [2]/3, lr: [1.000]x1e-4, loss: [0.0010]
iter: [77300]/100000, epoch: [2]/3, lr: [1.000]x1e-4, loss: [0.0008]
iter: [77400]/100000, epoch: [2]/3, lr: [1.000]x1e-4, loss: [0.0010]
iter: [77500]/100000, epoch: [2]/3, lr: [1.000]x1e-4, loss: [0.0009]
iter: [77600]/100000, epoch: [2]/3, lr: [1.000]x1e-4, loss: [0.0008]
iter: [77700]/100000, epoch: [2]/3, lr: [1.000]x1e-4, loss: [0.0007]
iter: [77800]/100000, epoch: [2]/3, lr: [1.000]x1e-4, loss: [0.0010]
iter: [77900]/100000, epoch: [2]/3, lr: [1.000]x1e-4, loss: [0.0011]
iter: [78000]/100000, epoch: [2]/3, lr: [1.000]x1e-4, loss: [0.0008]
> model saved at exp/QP22/ckp_78000.pt
> ave val per: [41.045] dB
iter: [78100]/100000, epoch: [2]/3, lr: [1.000]x1e-4, loss: [0.0009]
iter: [78200]/100000, epoch: [2]/3, lr: [1.000]x1e-4, loss: [0.0010]
iter: [78300]/100000, epoch: [2]/3, lr: [1.000]x1e-4, loss: [0.0015]
iter: [78400]/100000, epoch: [2]/3, lr: [1.000]x1e-4, loss: [0.0010]
iter: [78500]/100000, epoch: [2]/3, lr: [1.000]x1e-4, loss: [0.0013]
iter: [78600]/100000, epoch: [2]/3, lr: [1.000]x1e-4, loss: [0.0012]
iter: [78700]/100000, epoch: [2]/3, lr: [1.000]x1e-4, loss: [0.0010]
iter: [78800]/100000, epoch: [2]/3, lr: [1.000]x1e-4, loss: [0.0011]
iter: [78900]/100000, epoch: [2]/3, lr: [1.000]x1e-4, loss: [0.0009]
iter: [79000]/100000, epoch: [2]/3, lr: [1.000]x1e-4, loss: [0.0008]
iter: [79100]/100000, epoch: [2]/3, lr: [1.000]x1e-4, loss: [0.0012]
iter: [79200]/100000, epoch: [2]/3, lr: [1.000]x1e-4, loss: [0.0013]
iter: [79300]/100000, epoch: [2]/3, lr: [1.000]x1e-4, loss: [0.0009]
iter: [79400]/100000, epoch: [2]/3, lr: [1.000]x1e-4, loss: [0.0010]
iter: [79500]/100000, epoch: [2]/3, lr: [1.000]x1e-4, loss: [0.0009]
iter: [79600]/100000, epoch: [2]/3, lr: [1.000]x1e-4, loss: [0.0013]
iter: [79700]/100000, epoch: [2]/3, lr: [1.000]x1e-4, loss: [0.0011]
iter: [79800]/100000, epoch: [2]/3, lr: [1.000]x1e-4, loss: [0.0008]
iter: [79900]/100000, epoch: [2]/3, lr: [1.000]x1e-4, loss: [0.0011]
iter: [80000]/100000, epoch: [2]/3, lr: [1.000]x1e-4, loss: [0.0011]
> model saved at exp/QP22/ckp_80000.pt
> ave val per: [41.052] dB
iter: [80100]/100000, epoch: [2]/3, lr: [1.000]x1e-4, loss: [0.0010]
iter: [80200]/100000, epoch: [2]/3, lr: [1.000]x1e-4, loss: [0.0013]
iter: [80300]/100000, epoch: [2]/3, lr: [1.000]x1e-4, loss: [0.0009]
iter: [80400]/100000, epoch: [2]/3, lr: [1.000]x1e-4, loss: [0.0010]
iter: [80500]/100000, epoch: [2]/3, lr: [1.000]x1e-4, loss: [0.0008]
iter: [80600]/100000, epoch: [2]/3, lr: [1.000]x1e-4, loss: [0.0012]
iter: [80700]/100000, epoch: [2]/3, lr: [1.000]x1e-4, loss: [0.0009]
iter: [80800]/100000, epoch: [2]/3, lr: [1.000]x1e-4, loss: [0.0011]
iter: [80900]/100000, epoch: [2]/3, lr: [1.000]x1e-4, loss: [0.0011]
iter: [81000]/100000, epoch: [2]/3, lr: [1.000]x1e-4, loss: [0.0010]
iter: [81100]/100000, epoch: [2]/3, lr: [1.000]x1e-4, loss: [0.0009]
iter: [81200]/100000, epoch: [2]/3, lr: [1.000]x1e-4, loss: [0.0013]
iter: [81300]/100000, epoch: [2]/3, lr: [1.000]x1e-4, loss: [0.0010]
iter: [81400]/100000, epoch: [2]/3, lr: [1.000]x1e-4, loss: [0.0012]
iter: [81500]/100000, epoch: [2]/3, lr: [1.000]x1e-4, loss: [0.0009]
iter: [81600]/100000, epoch: [2]/3, lr: [1.000]x1e-4, loss: [0.0011]
iter: [81700]/100000, epoch: [2]/3, lr: [1.000]x1e-4, loss: [0.0008]
iter: [81800]/100000, epoch: [2]/3, lr: [1.000]x1e-4, loss: [0.0011]
iter: [81900]/100000, epoch: [2]/3, lr: [1.000]x1e-4, loss: [0.0009]
iter: [82000]/100000, epoch: [2]/3, lr: [1.000]x1e-4, loss: [0.0009]
> model saved at exp/QP22/ckp_82000.pt
> ave val per: [41.054] dB
iter: [82100]/100000, epoch: [2]/3, lr: [1.000]x1e-4, loss: [0.0010]
iter: [82200]/100000, epoch: [2]/3, lr: [1.000]x1e-4, loss: [0.0010]
iter: [82300]/100000, epoch: [2]/3, lr: [1.000]x1e-4, loss: [0.0008]
iter: [82400]/100000, epoch: [2]/3, lr: [1.000]x1e-4, loss: [0.0011]
iter: [82500]/100000, epoch: [2]/3, lr: [1.000]x1e-4, loss: [0.0012]
iter: [82600]/100000, epoch: [2]/3, lr: [1.000]x1e-4, loss: [0.0010]
iter: [82700]/100000, epoch: [2]/3, lr: [1.000]x1e-4, loss: [0.0010]
iter: [82800]/100000, epoch: [2]/3, lr: [1.000]x1e-4, loss: [0.0013]
iter: [82900]/100000, epoch: [2]/3, lr: [1.000]x1e-4, loss: [0.0012]
iter: [83000]/100000, epoch: [2]/3, lr: [1.000]x1e-4, loss: [0.0008]
iter: [83100]/100000, epoch: [2]/3, lr: [1.000]x1e-4, loss: [0.0011]
iter: [83200]/100000, epoch: [2]/3, lr: [1.000]x1e-4, loss: [0.0008]
iter: [83300]/100000, epoch: [2]/3, lr: [1.000]x1e-4, loss: [0.0012]
iter: [83400]/100000, epoch: [2]/3, lr: [1.000]x1e-4, loss: [0.0009]
iter: [83500]/100000, epoch: [2]/3, lr: [1.000]x1e-4, loss: [0.0010]
iter: [83600]/100000, epoch: [2]/3, lr: [1.000]x1e-4, loss: [0.0008]
iter: [83700]/100000, epoch: [2]/3, lr: [1.000]x1e-4, loss: [0.0012]
iter: [83800]/100000, epoch: [2]/3, lr: [1.000]x1e-4, loss: [0.0009]
iter: [83900]/100000, epoch: [2]/3, lr: [1.000]x1e-4, loss: [0.0009]
iter: [84000]/100000, epoch: [2]/3, lr: [1.000]x1e-4, loss: [0.0010]
> model saved at exp/QP22/ckp_84000.pt
> ave val per: [41.049] dB
iter: [84100]/100000, epoch: [2]/3, lr: [1.000]x1e-4, loss: [0.0011]
iter: [84200]/100000, epoch: [2]/3, lr: [1.000]x1e-4, loss: [0.0011]
iter: [84300]/100000, epoch: [2]/3, lr: [1.000]x1e-4, loss: [0.0011]
iter: [84400]/100000, epoch: [2]/3, lr: [1.000]x1e-4, loss: [0.0010]
iter: [84500]/100000, epoch: [2]/3, lr: [1.000]x1e-4, loss: [0.0009]
iter: [84600]/100000, epoch: [2]/3, lr: [1.000]x1e-4, loss: [0.0011]
iter: [84700]/100000, epoch: [2]/3, lr: [1.000]x1e-4, loss: [0.0014]
iter: [84800]/100000, epoch: [2]/3, lr: [1.000]x1e-4, loss: [0.0008]
iter: [84900]/100000, epoch: [2]/3, lr: [1.000]x1e-4, loss: [0.0012]
iter: [85000]/100000, epoch: [2]/3, lr: [1.000]x1e-4, loss: [0.0010]
iter: [85100]/100000, epoch: [2]/3, lr: [1.000]x1e-4, loss: [0.0013]
iter: [85200]/100000, epoch: [2]/3, lr: [1.000]x1e-4, loss: [0.0013]
iter: [85300]/100000, epoch: [2]/3, lr: [1.000]x1e-4, loss: [0.0011]
iter: [85400]/100000, epoch: [2]/3, lr: [1.000]x1e-4, loss: [0.0011]
iter: [85500]/100000, epoch: [2]/3, lr: [1.000]x1e-4, loss: [0.0009]
iter: [85600]/100000, epoch: [2]/3, lr: [1.000]x1e-4, loss: [0.0009]
iter: [85700]/100000, epoch: [2]/3, lr: [1.000]x1e-4, loss: [0.0012]
iter: [85800]/100000, epoch: [2]/3, lr: [1.000]x1e-4, loss: [0.0010]
iter: [85900]/100000, epoch: [2]/3, lr: [1.000]x1e-4, loss: [0.0010]
iter: [86000]/100000, epoch: [2]/3, lr: [1.000]x1e-4, loss: [0.0012]
> model saved at exp/QP22/ckp_86000.pt
> ave val per: [41.051] dB
iter: [86100]/100000, epoch: [2]/3, lr: [1.000]x1e-4, loss: [0.0007]
iter: [86200]/100000, epoch: [2]/3, lr: [1.000]x1e-4, loss: [0.0009]
iter: [86300]/100000, epoch: [2]/3, lr: [1.000]x1e-4, loss: [0.0011]
iter: [86400]/100000, epoch: [2]/3, lr: [1.000]x1e-4, loss: [0.0009]
iter: [86500]/100000, epoch: [2]/3, lr: [1.000]x1e-4, loss: [0.0010]
iter: [86600]/100000, epoch: [2]/3, lr: [1.000]x1e-4, loss: [0.0010]
iter: [86700]/100000, epoch: [2]/3, lr: [1.000]x1e-4, loss: [0.0009]
iter: [86800]/100000, epoch: [2]/3, lr: [1.000]x1e-4, loss: [0.0011]
iter: [86900]/100000, epoch: [2]/3, lr: [1.000]x1e-4, loss: [0.0013]
iter: [87000]/100000, epoch: [2]/3, lr: [1.000]x1e-4, loss: [0.0010]
iter: [87100]/100000, epoch: [2]/3, lr: [1.000]x1e-4, loss: [0.0011]
iter: [87200]/100000, epoch: [2]/3, lr: [1.000]x1e-4, loss: [0.0010]
iter: [87300]/100000, epoch: [2]/3, lr: [1.000]x1e-4, loss: [0.0010]
iter: [87400]/100000, epoch: [2]/3, lr: [1.000]x1e-4, loss: [0.0009]
iter: [87500]/100000, epoch: [2]/3, lr: [1.000]x1e-4, loss: [0.0013]
iter: [87600]/100000, epoch: [2]/3, lr: [1.000]x1e-4, loss: [0.0010]
iter: [87700]/100000, epoch: [2]/3, lr: [1.000]x1e-4, loss: [0.0010]
iter: [87800]/100000, epoch: [2]/3, lr: [1.000]x1e-4, loss: [0.0009]
iter: [87900]/100000, epoch: [2]/3, lr: [1.000]x1e-4, loss: [0.0010]
iter: [88000]/100000, epoch: [2]/3, lr: [1.000]x1e-4, loss: [0.0008]
> model saved at exp/QP22/ckp_88000.pt
> ave val per: [41.052] dB
iter: [88100]/100000, epoch: [2]/3, lr: [1.000]x1e-4, loss: [0.0010]
iter: [88200]/100000, epoch: [2]/3, lr: [1.000]x1e-4, loss: [0.0013]
iter: [88300]/100000, epoch: [2]/3, lr: [1.000]x1e-4, loss: [0.0011]
iter: [88400]/100000, epoch: [2]/3, lr: [1.000]x1e-4, loss: [0.0008]
iter: [88500]/100000, epoch: [2]/3, lr: [1.000]x1e-4, loss: [0.0010]
iter: [88600]/100000, epoch: [2]/3, lr: [1.000]x1e-4, loss: [0.0013]
iter: [88700]/100000, epoch: [2]/3, lr: [1.000]x1e-4, loss: [0.0010]
iter: [88800]/100000, epoch: [2]/3, lr: [1.000]x1e-4, loss: [0.0009]
iter: [88900]/100000, epoch: [2]/3, lr: [1.000]x1e-4, loss: [0.0009]
iter: [89000]/100000, epoch: [2]/3, lr: [1.000]x1e-4, loss: [0.0012]
iter: [89100]/100000, epoch: [2]/3, lr: [1.000]x1e-4, loss: [0.0011]
iter: [89200]/100000, epoch: [2]/3, lr: [1.000]x1e-4, loss: [0.0009]
iter: [89300]/100000, epoch: [2]/3, lr: [1.000]x1e-4, loss: [0.0008]
iter: [89400]/100000, epoch: [2]/3, lr: [1.000]x1e-4, loss: [0.0011]
iter: [89500]/100000, epoch: [2]/3, lr: [1.000]x1e-4, loss: [0.0012]
iter: [89600]/100000, epoch: [2]/3, lr: [1.000]x1e-4, loss: [0.0009]
iter: [89700]/100000, epoch: [2]/3, lr: [1.000]x1e-4, loss: [0.0009]
iter: [89800]/100000, epoch: [2]/3, lr: [1.000]x1e-4, loss: [0.0009]
iter: [89900]/100000, epoch: [2]/3, lr: [1.000]x1e-4, loss: [0.0009]
iter: [90000]/100000, epoch: [2]/3, lr: [1.000]x1e-4, loss: [0.0009]
> model saved at exp/QP22/ckp_90000.pt
> ave val per: [41.059] dB
iter: [90100]/100000, epoch: [2]/3, lr: [1.000]x1e-4, loss: [0.0011]
iter: [90200]/100000, epoch: [2]/3, lr: [1.000]x1e-4, loss: [0.0012]
iter: [90300]/100000, epoch: [2]/3, lr: [1.000]x1e-4, loss: [0.0009]
iter: [90400]/100000, epoch: [2]/3, lr: [1.000]x1e-4, loss: [0.0009]
iter: [90500]/100000, epoch: [2]/3, lr: [1.000]x1e-4, loss: [0.0010]
iter: [90600]/100000, epoch: [2]/3, lr: [1.000]x1e-4, loss: [0.0012]
iter: [90700]/100000, epoch: [2]/3, lr: [1.000]x1e-4, loss: [0.0008]
iter: [90800]/100000, epoch: [2]/3, lr: [1.000]x1e-4, loss: [0.0007]
iter: [90900]/100000, epoch: [2]/3, lr: [1.000]x1e-4, loss: [0.0007]
iter: [91000]/100000, epoch: [2]/3, lr: [1.000]x1e-4, loss: [0.0011]
iter: [91100]/100000, epoch: [2]/3, lr: [1.000]x1e-4, loss: [0.0011]
iter: [91200]/100000, epoch: [2]/3, lr: [1.000]x1e-4, loss: [0.0010]
iter: [91300]/100000, epoch: [2]/3, lr: [1.000]x1e-4, loss: [0.0011]
iter: [91400]/100000, epoch: [2]/3, lr: [1.000]x1e-4, loss: [0.0010]
iter: [91500]/100000, epoch: [2]/3, lr: [1.000]x1e-4, loss: [0.0009]
iter: [91600]/100000, epoch: [2]/3, lr: [1.000]x1e-4, loss: [0.0011]
iter: [91700]/100000, epoch: [2]/3, lr: [1.000]x1e-4, loss: [0.0009]
iter: [91800]/100000, epoch: [2]/3, lr: [1.000]x1e-4, loss: [0.0010]
iter: [91900]/100000, epoch: [2]/3, lr: [1.000]x1e-4, loss: [0.0010]
iter: [92000]/100000, epoch: [2]/3, lr: [1.000]x1e-4, loss: [0.0010]
> model saved at exp/QP22/ckp_92000.pt
> ave val per: [41.054] dB
iter: [92100]/100000, epoch: [2]/3, lr: [1.000]x1e-4, loss: [0.0010]
iter: [92200]/100000, epoch: [2]/3, lr: [1.000]x1e-4, loss: [0.0012]
iter: [92300]/100000, epoch: [2]/3, lr: [1.000]x1e-4, loss: [0.0010]
iter: [92400]/100000, epoch: [2]/3, lr: [1.000]x1e-4, loss: [0.0012]
iter: [92500]/100000, epoch: [2]/3, lr: [1.000]x1e-4, loss: [0.0013]
iter: [92600]/100000, epoch: [2]/3, lr: [1.000]x1e-4, loss: [0.0009]
iter: [92700]/100000, epoch: [2]/3, lr: [1.000]x1e-4, loss: [0.0014]
iter: [92800]/100000, epoch: [2]/3, lr: [1.000]x1e-4, loss: [0.0010]
iter: [92900]/100000, epoch: [2]/3, lr: [1.000]x1e-4, loss: [0.0008]
iter: [93000]/100000, epoch: [2]/3, lr: [1.000]x1e-4, loss: [0.0010]
iter: [93100]/100000, epoch: [2]/3, lr: [1.000]x1e-4, loss: [0.0013]
iter: [93200]/100000, epoch: [2]/3, lr: [1.000]x1e-4, loss: [0.0009]
iter: [93300]/100000, epoch: [2]/3, lr: [1.000]x1e-4, loss: [0.0009]
iter: [93400]/100000, epoch: [2]/3, lr: [1.000]x1e-4, loss: [0.0011]
iter: [93500]/100000, epoch: [2]/3, lr: [1.000]x1e-4, loss: [0.0009]
iter: [93600]/100000, epoch: [2]/3, lr: [1.000]x1e-4, loss: [0.0012]
iter: [93700]/100000, epoch: [2]/3, lr: [1.000]x1e-4, loss: [0.0009]
iter: [93800]/100000, epoch: [2]/3, lr: [1.000]x1e-4, loss: [0.0017]
iter: [93900]/100000, epoch: [2]/3, lr: [1.000]x1e-4, loss: [0.0011]
iter: [94000]/100000, epoch: [2]/3, lr: [1.000]x1e-4, loss: [0.0006]
> model saved at exp/QP22/ckp_94000.pt
> ave val per: [41.061] dB
iter: [94100]/100000, epoch: [2]/3, lr: [1.000]x1e-4, loss: [0.0009]
iter: [94200]/100000, epoch: [2]/3, lr: [1.000]x1e-4, loss: [0.0012]
iter: [94300]/100000, epoch: [2]/3, lr: [1.000]x1e-4, loss: [0.0011]
iter: [94400]/100000, epoch: [2]/3, lr: [1.000]x1e-4, loss: [0.0007]
iter: [94500]/100000, epoch: [3]/3, lr: [1.000]x1e-4, loss: [0.0012]
iter: [94600]/100000, epoch: [3]/3, lr: [1.000]x1e-4, loss: [0.0010]
iter: [94700]/100000, epoch: [3]/3, lr: [1.000]x1e-4, loss: [0.0008]
iter: [94800]/100000, epoch: [3]/3, lr: [1.000]x1e-4, loss: [0.0008]
iter: [94900]/100000, epoch: [3]/3, lr: [1.000]x1e-4, loss: [0.0011]
iter: [95000]/100000, epoch: [3]/3, lr: [1.000]x1e-4, loss: [0.0010]
iter: [95100]/100000, epoch: [3]/3, lr: [1.000]x1e-4, loss: [0.0009]
iter: [95200]/100000, epoch: [3]/3, lr: [1.000]x1e-4, loss: [0.0010]
iter: [95300]/100000, epoch: [3]/3, lr: [1.000]x1e-4, loss: [0.0012]
iter: [95400]/100000, epoch: [3]/3, lr: [1.000]x1e-4, loss: [0.0009]
iter: [95500]/100000, epoch: [3]/3, lr: [1.000]x1e-4, loss: [0.0014]
iter: [95600]/100000, epoch: [3]/3, lr: [1.000]x1e-4, loss: [0.0016]
iter: [95700]/100000, epoch: [3]/3, lr: [1.000]x1e-4, loss: [0.0008]
iter: [95800]/100000, epoch: [3]/3, lr: [1.000]x1e-4, loss: [0.0009]
iter: [95900]/100000, epoch: [3]/3, lr: [1.000]x1e-4, loss: [0.0014]
iter: [96000]/100000, epoch: [3]/3, lr: [1.000]x1e-4, loss: [0.0011]
> model saved at exp/QP22/ckp_96000.pt
> ave val per: [41.060] dB
iter: [96100]/100000, epoch: [3]/3, lr: [1.000]x1e-4, loss: [0.0010]
iter: [96200]/100000, epoch: [3]/3, lr: [1.000]x1e-4, loss: [0.0008]
iter: [96300]/100000, epoch: [3]/3, lr: [1.000]x1e-4, loss: [0.0011]
iter: [96400]/100000, epoch: [3]/3, lr: [1.000]x1e-4, loss: [0.0009]
iter: [96500]/100000, epoch: [3]/3, lr: [1.000]x1e-4, loss: [0.0012]
iter: [96600]/100000, epoch: [3]/3, lr: [1.000]x1e-4, loss: [0.0010]
iter: [96700]/100000, epoch: [3]/3, lr: [1.000]x1e-4, loss: [0.0009]
iter: [96800]/100000, epoch: [3]/3, lr: [1.000]x1e-4, loss: [0.0011]
iter: [96900]/100000, epoch: [3]/3, lr: [1.000]x1e-4, loss: [0.0009]
iter: [97000]/100000, epoch: [3]/3, lr: [1.000]x1e-4, loss: [0.0011]
iter: [97100]/100000, epoch: [3]/3, lr: [1.000]x1e-4, loss: [0.0008]
iter: [97200]/100000, epoch: [3]/3, lr: [1.000]x1e-4, loss: [0.0012]
iter: [97300]/100000, epoch: [3]/3, lr: [1.000]x1e-4, loss: [0.0007]
iter: [97400]/100000, epoch: [3]/3, lr: [1.000]x1e-4, loss: [0.0010]
iter: [97500]/100000, epoch: [3]/3, lr: [1.000]x1e-4, loss: [0.0011]
iter: [97600]/100000, epoch: [3]/3, lr: [1.000]x1e-4, loss: [0.0011]
iter: [97700]/100000, epoch: [3]/3, lr: [1.000]x1e-4, loss: [0.0009]
iter: [97800]/100000, epoch: [3]/3, lr: [1.000]x1e-4, loss: [0.0013]
iter: [97900]/100000, epoch: [3]/3, lr: [1.000]x1e-4, loss: [0.0011]
iter: [98000]/100000, epoch: [3]/3, lr: [1.000]x1e-4, loss: [0.0008]
> model saved at exp/QP22/ckp_98000.pt
> ave val per: [41.054] dB
iter: [98100]/100000, epoch: [3]/3, lr: [1.000]x1e-4, loss: [0.0013]
iter: [98200]/100000, epoch: [3]/3, lr: [1.000]x1e-4, loss: [0.0013]
iter: [98300]/100000, epoch: [3]/3, lr: [1.000]x1e-4, loss: [0.0009]
iter: [98400]/100000, epoch: [3]/3, lr: [1.000]x1e-4, loss: [0.0009]
iter: [98500]/100000, epoch: [3]/3, lr: [1.000]x1e-4, loss: [0.0011]
iter: [98600]/100000, epoch: [3]/3, lr: [1.000]x1e-4, loss: [0.0011]
iter: [98700]/100000, epoch: [3]/3, lr: [1.000]x1e-4, loss: [0.0011]
iter: [98800]/100000, epoch: [3]/3, lr: [1.000]x1e-4, loss: [0.0009]
iter: [98900]/100000, epoch: [3]/3, lr: [1.000]x1e-4, loss: [0.0010]
iter: [99000]/100000, epoch: [3]/3, lr: [1.000]x1e-4, loss: [0.0012]
iter: [99100]/100000, epoch: [3]/3, lr: [1.000]x1e-4, loss: [0.0012]
iter: [99200]/100000, epoch: [3]/3, lr: [1.000]x1e-4, loss: [0.0010]
iter: [99300]/100000, epoch: [3]/3, lr: [1.000]x1e-4, loss: [0.0011]
iter: [99400]/100000, epoch: [3]/3, lr: [1.000]x1e-4, loss: [0.0010]
iter: [99500]/100000, epoch: [3]/3, lr: [1.000]x1e-4, loss: [0.0009]
iter: [99600]/100000, epoch: [3]/3, lr: [1.000]x1e-4, loss: [0.0012]
iter: [99700]/100000, epoch: [3]/3, lr: [1.000]x1e-4, loss: [0.0010]
iter: [99800]/100000, epoch: [3]/3, lr: [1.000]x1e-4, loss: [0.0012]
iter: [99900]/100000, epoch: [3]/3, lr: [1.000]x1e-4, loss: [0.0007]
iter: [100000]/100000, epoch: [3]/3, lr: [1.000]x1e-4, loss: [0.0009]
> model saved at exp/QP22/ckp_100000.pt
> ave val per: [41.059] dB
TOTAL TIME: [12.4] h

<<<<<<<<<< Goodbye >>>>>>>>>>
Timestamp: [20241208_225111]
